Initializing document watcher...
Document watcher initialized
rahul_chalwadi03/my-proj/app.py: {}
rahul_chalwadi03/README-cloudshell.txt: {}
No more open editors.
No more open editors.
No more open editors.
rahul_chalwadi03/my-app/app.py: {}
rahul_chalwadi03/my-app/app.py: Using EditorConfig core...
rahul_chalwadi03/my-app/app.py: {}
rahul_chalwadi03/my-app/Dockerfile: {}
rahul_chalwadi03/my-app/Dockerfile: Using EditorConfig core...
rahul_chalwadi03/my-app/Dockerfile: {}
rahul_chalwadi03/my-app/c: {}
rahul_chalwadi03/my-app/c: {}
rahul_chalwadi03/my-app/cloudbuild.yaml: {}
rahul_chalwadi03/my-app/cloudbuild.yaml: {}
rahul_chalwadi03/my-app/cloudbuild.yaml: Using EditorConfig core...
rahul_chalwadi03/my-app/cloudbuild.yaml: {}
rahul_chalwadi03/my-app/cloudbuild.yaml: {}
rahul_chalwadi03/my-app/cloudbuild.yaml: Using EditorConfig core...
rahul_chalwadi03/my-app/cloudbuild.yaml: Using EditorConfig core...
rahul_chalwadi03/my-app/cloudbuild.yaml: Using EditorConfig core...
rahul_chalwadi03/my-app/cloudbuild.yaml: Using EditorConfig core...
rahul_chalwadi03/cloudbuild.yaml: {}
rahul_chalwadi03/cloudbuild.yaml: {}
rahul_chalwadi03/cloudbuild.yaml: {}
rahul_chalwadi03/cloudbuild.yaml: {}
rahul_chalwadi03/my-app/cloudbuild.yaml: {}
rahul_chalwadi03/my-app/cloudbuild.yaml: {}
rahul_chalwadi03/my-app/cloudbuild.yaml: {}
rahul_chalwadi03/my-app/deployment.yaml: {}
rahul_chalwadi03/my-app/deployment.yaml: {}
rahul_chalwadi03/my-app/deployment.yaml: Using EditorConfig core...
rahul_chalwadi03/my-app/deployment.yaml: {}
rahul_chalwadi03/my-app/service.yaml: {}
rahul_chalwadi03/my-app/service.yaml: {}
rahul_chalwadi03/my-app/service.yaml: Using EditorConfig core...
rahul_chalwadi03/my-app/service.yaml: {}
rahul_chalwadi03/my-app/deployment.yaml: {}
rahul_chalwadi03/my-app/deployment.yaml: {}
rahul_chalwadi03/my-app/deployment.yaml: Using EditorConfig core...
rahul_chalwadi03/my-app/service.yaml: {}
rahul_chalwadi03/my-app/deployment.yaml: {}
rahul_chalwadi03/my-app/cloudbuild.yaml: {}
rahul_chalwadi03/my-app/cloudbuild.yaml: {}
rahul_chalwadi03/my-app/cloudbuild.yaml: {}
rahul_chalwadi03/my-app/cloudbuild.yaml: {}
rahul_chalwadi03/my-app/cloudbuild.yaml: {}
rahul_chalwadi03/my-app/cloudbuild.yaml: {}
rahul_chalwadi03/my-app/cloudbuild.yaml: {}
rahul_chalwadi03/my-app/cloudbuild.yaml: {}
rahul_chalwadi03/my-app/cloudbuild.yaml: {}
rahul_chalwadi03/my-app/cloudbuild.yaml: {}
rahul_chalwadi03/my-app/cloudbuild.yaml: {}
rahul_chalwadi03/my-app/cloudbuild.yaml: {}
rahul_chalwadi03/my-app/cloudbuild.yaml: {}
rahul_chalwadi03/my-app/cloudbuild.yaml: {}
rahul_chalwadi03/my-app/cloudbuild.yaml: {}
rahul_chalwadi03/my-app/cloudbuild.yaml: {}
rahul_chalwadi03/my-app/cloudbuild.yaml: {}
rahul_chalwadi03/my-app/cloudbuild.yaml: {}
rahul_chalwadi03/my-app/cloudbuild.yaml: {}
rahul_chalwadi03/my-app/cloudbuild.yaml: {}
rahul_chalwadi03/my-app/cloudbuild.yaml: {}
rahul_chalwadi03/my-app/cloudbuild.yaml: {}
rahul_chalwadi03/my-app/cloudbuild.yaml: {}
rahul_chalwadi03/my-app/cloudbuild.yaml: {}
rahul_chalwadi03/my-app/cloudbuild.yaml: {}
rahul_chalwadi03/my-app/cloudbuild.yaml: {}
rahul_chalwadi03/my-app/cloudbuild.yaml: {}
rahul_chalwadi03/my-app/deployment.yaml: {}
rahul_chalwadi03/my-app/service.yaml: {}
rahul_chalwadi03/my-app/dev1/cloudbuild.yaml: {}
rahul_chalwadi03/my-app/dev1/cloudbuild.yaml: {}
rahul_chalwadi03/my-app/dev1/cloudbuild.yaml: {}
rahul_chalwadi03/my-app/dev1/cloudbuild.yaml: {}
rahul_chalwadi03/my-app/dev1/cloudbuild.yaml: {}
rahul_chalwadi03/my-app/dev1/cloudbuild.yaml: {}
rahul_chalwadi03/my-app/dev1/cloudbuild.yaml: {}
rahul_chalwadi03/my-app/dev1/cloudbuild.yaml: {}
rahul_chalwadi03/my-app/dev1/cloudbuild.yaml: {}
rahul_chalwadi03/my-app/dev1/cloudbuild.yaml: {}
rahul_chalwadi03/my-app/dev1/cloudbuild.yaml: {}
rahul_chalwadi03/my-app/dev1/cloudbuild.yaml: {}
rahul_chalwadi03/my-app/dev1/cloudbuild.yaml: {}
rahul_chalwadi03/my-app/dev1/cloudbuild.yaml: {}
rahul_chalwadi03/my-app/dev1/cloudbuild.yaml: {}
rahul_chalwadi03/my-app/dev1/cloudbuild.yaml: {}
rahul_chalwadi03/my-app/dev1/cloudbuild.yaml: {}
rahul_chalwadi03/my-app/dev1/cloudbuild.yaml: {}
rahul_chalwadi03/my-app/dev1/cloudbuild.yaml: {}
rahul_chalwadi03/my-app/dev1/cloudbuild.yaml: {}
rahul_chalwadi03/my-app/dev1/cloudbuild.yaml: {}
rahul_chalwadi03/my-app/dev1/cloudbuild.yaml: {}
rahul_chalwadi03/my-app/dev1/cloudbuild.yaml: {}
rahul_chalwadi03/my-app/dev1/cloudbuild.yaml: {}
rahul_chalwadi03/my-app/dev1/cloudbuild.yaml: {}
rahul_chalwadi03/my-app/dev1/cloudbuild.yaml: {}
rahul_chalwadi03/my-app/dev1/cloudbuild.yaml: {}
rahul_chalwadi03/my-app/dev1/cloudbuild.yaml: {}
rahul_chalwadi03/my-app/dev1/cloudbuild.yaml: {}
rahul_chalwadi03/my-app/dev1/deployment.yaml: {}
rahul_chalwadi03/my-app/dev1/deployment.yaml: Using EditorConfig core...
rahul_chalwadi03/my-app/dev1/deployment.yaml: Using EditorConfig core...
rahul_chalwadi03/my-app/dev1/deployment.yaml: {}
rahul_chalwadi03/my-app/dev1/deployment.yaml: Using EditorConfig core...
rahul_chalwadi03/my-app/dev1/deployment.yaml: Using EditorConfig core...
rahul_chalwadi03/my-app/dev1/deployment.yaml: {}
rahul_chalwadi03/my-app/dev1/deployment.yaml: {}
rahul_chalwadi03/my-app/dev1/deployment.yaml: {}
rahul_chalwadi03/my-app/dev1/deployment.yaml: {}
rahul_chalwadi03/my-app/dev1/deployment.yaml: {}
rahul_chalwadi03/my-app/dev1/deployment.yaml: {}
rahul_chalwadi03/my-app/dev1/deployment.yaml: {}
rahul_chalwadi03/my-app/dev1/deployment.yaml: Using EditorConfig core...
rahul_chalwadi03/my-app/dev1/deployment.yaml: {}
rahul_chalwadi03/my-app/dev1/deployment.yaml: {}
rahul_chalwadi03/my-app/dev1/deployment.yaml: {}
rahul_chalwadi03/my-app/dev1/service.yaml: {}
rahul_chalwadi03/my-app/dev1/service.yaml: {}
rahul_chalwadi03/my-app/dev1/service.yaml: {}
rahul_chalwadi03/my-app/dev1/service.yaml: {}
rahul_chalwadi03/my-app/dev1/service.yaml: {}
rahul_chalwadi03/my-app/dev1/service.yaml: {}
rahul_chalwadi03/my-app/dev1/service.yaml: {}
rahul_chalwadi03/my-app/dev1/app.py: {}
rahul_chalwadi03/my-app/dev1/app.py: Using EditorConfig core...
rahul_chalwadi03/my-app/dev1/deployment.yaml: {}
rahul_chalwadi03/my-app/dev1/app.py: {}
rahul_chalwadi03/my-app/dev1/app.py: {}
rahul_chalwadi03/my-app/dev1/app.py: {}
rahul_chalwadi03/my-app/dev1/app.py: {}
rahul_chalwadi03/my-app/dev1/app.py: {}
rahul_chalwadi03/my-app/dev1/app.py: {}
rahul_chalwadi03/my-app/dev1/app.py: {}
rahul_chalwadi03/my-app/dev1/app.py: {}
rahul_chalwadi03/my-app/dev1/deployment.yaml: {}
rahul_chalwadi03/my-app/dev1/app.py: {}
rahul_chalwadi03/my-app/dev1/deployment.yaml: {}
rahul_chalwadi03/my-app/dev1/cloudbuild.yaml: {}
rahul_chalwadi03/my-app/dev1/deployment.yaml: {}
rahul_chalwadi03/my-app/dev1/app.py: {}
rahul_chalwadi03/my-app/dev1/app.py: {}
rahul_chalwadi03/my-app/dev1/app.py: {}
rahul_chalwadi03/my-app/dev1/app.py: {}
rahul_chalwadi03/my-app/dev1/app.py: {}
rahul_chalwadi03/my-app/dev1/app.py: {}
rahul_chalwadi03/my-app/dev1/app.py: {}
rahul_chalwadi03/my-app/dev1/app.py: {}
rahul_chalwadi03/my-app/dev1/app.py: {}
rahul_chalwadi03/my-app/dev1/app.py: {}
rahul_chalwadi03/my-app/dev1/app.py: {}
rahul_chalwadi03/my-app/dev1/app.py: {}
rahul_chalwadi03/my-app/dev1/app.py: {}
rahul_chalwadi03/my-app/dev1/Dockerfile: {}
rahul_chalwadi03/my-app/dev1/Dockerfile: {}
rahul_chalwadi03/my-app/dev1/Dockerfile: {}
rahul_chalwadi03/my-app/dev1/Dockerfile: {}
rahul_chalwadi03/my-app/dev1/cloudbuild.yaml: {}
rahul_chalwadi03/my-app/dev1/cloudbuild.yaml: {}
rahul_chalwadi03/my-app/dev1/cloudbuild.yaml: {}
rahul_chalwadi03/my-app/dev1/cloudbuild.yaml: {}
rahul_chalwadi03/my-app/dev1/cloudbuild.yaml: {}
rahul_chalwadi03/my-app/dev1/cloudbuild.yaml: {}
rahul_chalwadi03/my-app/dev1/cloudbuild.yaml: {}
rahul_chalwadi03/my-app/dev1/cloudbuild.yaml: {}
rahul_chalwadi03/my-app/dev1/cloudbuild.yaml: {}
rahul_chalwadi03/my-app/dev1/cloudbuild.yaml: {}
rahul_chalwadi03/my-app/dev1/cloudbuild.yaml: {}
rahul_chalwadi03/my-app/dev1/cloudbuild.yaml: {}
rahul_chalwadi03/my-app/dev1/cloudbuild.yaml: {}
rahul_chalwadi03/my-app/dev1/cloudbuild.yaml: {}
rahul_chalwadi03/my-app/dev1/cloudbuild.yaml: {}
rahul_chalwadi03/my-app/dev1/cloudbuild.yaml: {}
rahul_chalwadi03/my-app/dev1/cloudbuild.yaml: {}
rahul_chalwadi03/my-app/dev1/cloudbuild.yaml: {}
rahul_chalwadi03/my-app/dev1/cloudbuild.yaml: {}
rahul_chalwadi03/my-app/dev1/deployment.yaml: {}
rahul_chalwadi03/my-app/dev1/deployment.yaml: {}
rahul_chalwadi03/my-app/dev1/deployment.yaml: {}
rahul_chalwadi03/my-app/dev1/deployment.yaml: {}
rahul_chalwadi03/my-app/dev1/deployment.yaml: {}
rahul_chalwadi03/my-app/dev1/deployment.yaml: {}
rahul_chalwadi03/my-app/dev1/deployment.yaml: {}
rahul_chalwadi03/my-app/dev1/deployment.yaml: {}
rahul_chalwadi03/my-app/dev1/deployment.yaml: {}
rahul_chalwadi03/my-app/dev1/deployment.yaml: {}
rahul_chalwadi03/my-app/dev1/deployment.yaml: {}
rahul_chalwadi03/my-app/dev1/deployment.yaml: {}
rahul_chalwadi03/my-app/dev1/deployment.yaml: {}
rahul_chalwadi03/my-app/dev1/app.py: {}
rahul_chalwadi03/my-app/dev1/app.py: Using EditorConfig core...
rahul_chalwadi03/my-app/dev1/app.py: Using EditorConfig core...
rahul_chalwadi03/my-app/dev1/app.py: {}
rahul_chalwadi03/my-app/dev1/app.py: {}
rahul_chalwadi03/my-app/dev1/app.py: {}
rahul_chalwadi03/my-app/dev1/app.py: {}
rahul_chalwadi03/my-app/dev1/app.py: {}
rahul_chalwadi03/my-app/dev1/app.py: {}
rahul_chalwadi03/my-app/dev1/app.py: {}
rahul_chalwadi03/my-app/dev1/app.py: {}
rahul_chalwadi03/my-app/dev1/app.py: {}
rahul_chalwadi03/my-app/dev1/app.py: {}
rahul_chalwadi03/my-app/dev1/app.py: {}
rahul_chalwadi03/my-app/dev1/app.py: {}
rahul_chalwadi03/my-app/dev1/app.py: {}
rahul_chalwadi03/my-app/dev1/app.py: {}
rahul_chalwadi03/my-app/dev1/app.py: {}
rahul_chalwadi03/my-app/dev1/app.py: {}
rahul_chalwadi03/my-app/dev1/app.py: {}
rahul_chalwadi03/my-app/dev1/app.py: {}
rahul_chalwadi03/my-app/dev1/app.py: {}
rahul_chalwadi03/my-app/dev1/app.py: {}
rahul_chalwadi03/my-app/dev1/app.py: {}
rahul_chalwadi03/my-app/dev1/app.py: {}
rahul_chalwadi03/my-app/dev1/app.py: {}
rahul_chalwadi03/my-app/dev1/app.py: {}
rahul_chalwadi03/my-app/dev1/cloudbuild.yaml: {}
rahul_chalwadi03/my-app/dev1/cloudbuild.yaml: {}
rahul_chalwadi03/my-app/dev1/cloudbuild.yaml: Using EditorConfig core...
rahul_chalwadi03/my-app/dev1/cloudbuild.yaml: {}
rahul_chalwadi03/my-app/dev1/cloudbuild.yaml: {}
rahul_chalwadi03/my-app/dev1/cloudbuild.yaml: {}
rahul_chalwadi03/my-app/dev1/cloudbuild.yaml: {}
rahul_chalwadi03/my-app/dev1/cloudbuild.yaml: {}
rahul_chalwadi03/my-app/dev1/cloudbuild.yaml: {}
rahul_chalwadi03/my-app/dev1/cloudbuild.yaml: {}
rahul_chalwadi03/my-app/dev1/cloudbuild.yaml: {}
rahul_chalwadi03/my-app/dev1/cloudbuild.yaml: {}
rahul_chalwadi03/my-app/dev1/cloudbuild.yaml: {}
rahul_chalwadi03/my-app/dev1/cloudbuild.yaml: {}
rahul_chalwadi03/my-app/dev1/cloudbuild.yaml: {}
rahul_chalwadi03/my-app/dev1/cloudbuild.yaml: {}
rahul_chalwadi03/my-app/dev1/cloudbuild.yaml: {}
rahul_chalwadi03/my-app/dev1/cloudbuild.yaml: {}
rahul_chalwadi03/my-app/dev1/cloudbuild.yaml: {}
rahul_chalwadi03/my-app/dev1/cloudbuild.yaml: {}
rahul_chalwadi03/my-app/dev1/cloudbuild.yaml: {}
rahul_chalwadi03/my-app/dev1/cloudbuild.yaml: {}
rahul_chalwadi03/my-app/dev1/cloudbuild.yaml: {}
rahul_chalwadi03/my-app/dev1/cloudbuild.yaml: {}
rahul_chalwadi03/my-app/dev1/cloudbuild.yaml: {}
rahul_chalwadi03/my-app/dev1/cloudbuild.yaml: {}
rahul_chalwadi03/my-app/dev1/cloudbuild.yaml: {}
rahul_chalwadi03/my-app/dev1/cloudbuild.yaml: {}
rahul_chalwadi03/my-app/dev1/cloudbuild.yaml: {}
rahul_chalwadi03/my-app/dev1/cloudbuild.yaml: {}
rahul_chalwadi03/my-app/dev1/cloudbuild.yaml: {}
rahul_chalwadi03/my-app/dev1/cloudbuild.yaml: {}
