2025-02-11 05:26:51.441 [info] Extension host with pid 1229 started
2025-02-11 05:26:51.442 [error] Error: EEXIST: file already exists, open '/home/rahul_chalwadi03/.codeoss/data/User/workspaceStorage/-23fbf1f5/vscode.lock'
2025-02-11 05:26:51.477 [info] Lock '/home/rahul_chalwadi03/.codeoss/data/User/workspaceStorage/-23fbf1f5/vscode.lock': Could not acquire lock, checking if the file is stale.
2025-02-11 05:26:51.480 [info] Lock '/home/rahul_chalwadi03/.codeoss/data/User/workspaceStorage/-23fbf1f5/vscode.lock': The lock does not look stale, elapsed: 14532 ms, giving up.
2025-02-11 05:26:51.489 [error] Error: EEXIST: file already exists, open '/home/rahul_chalwadi03/.codeoss/data/User/workspaceStorage/-23fbf1f5-1/vscode.lock'
2025-02-11 05:26:51.512 [info] Lock '/home/rahul_chalwadi03/.codeoss/data/User/workspaceStorage/-23fbf1f5-1/vscode.lock': Could not acquire lock, checking if the file is stale.
2025-02-11 05:26:51.513 [info] Lock '/home/rahul_chalwadi03/.codeoss/data/User/workspaceStorage/-23fbf1f5-1/vscode.lock': The pid 1947 appears to be gone.
2025-02-11 05:26:51.513 [info] Lock '/home/rahul_chalwadi03/.codeoss/data/User/workspaceStorage/-23fbf1f5-1/vscode.lock': Deleting a stale lock.
2025-02-11 05:26:51.519 [info] Lock '/home/rahul_chalwadi03/.codeoss/data/User/workspaceStorage/-23fbf1f5-1/vscode.lock': Lock acquired.
2025-02-11 05:26:51.568 [info] ExtensionService#_doActivateExtension vscode.emmet, startup: false, activationEvent: 'onLanguage'
2025-02-11 05:26:51.570 [info] ExtensionService#_doActivateExtension google.cloud-shell, startup: false, activationEvent: 'onTerminalProfile:cloudshell.default'
2025-02-11 05:26:51.748 [info] ExtensionService#_doActivateExtension vscode.git-base, startup: true, activationEvent: '*', root cause: vscode.git
2025-02-11 05:26:51.900 [info] ExtensionService#_doActivateExtension vscode.git, startup: true, activationEvent: '*'
2025-02-11 05:26:51.901 [info] ExtensionService#_doActivateExtension vscode.github, startup: true, activationEvent: '*'
2025-02-11 05:26:52.041 [info] ExtensionService#_doActivateExtension vscode.configuration-editing, startup: false, activationEvent: 'onLanguage:jsonc'
2025-02-11 05:26:52.041 [info] ExtensionService#_doActivateExtension vscode.json-language-features, startup: false, activationEvent: 'onLanguage:jsonc'
2025-02-11 05:26:52.041 [info] ExtensionService#_doActivateExtension vscode.typescript-language-features, startup: false, activationEvent: 'onLanguage:jsonc'
2025-02-11 05:26:52.497 [info] ExtensionService#_doActivateExtension redhat.fabric8-analytics, startup: true, activationEvent: 'workspaceContains:**/package.json,**/pom.xml,**/go.mod,**/requirements.txt,**/build.gradle,**/Dockerfile,**/Containerfile'
2025-02-11 05:26:52.969 [info] Eager extensions activated
2025-02-11 05:26:52.969 [info] ExtensionService#_doActivateExtension EditorConfig.EditorConfig, startup: false, activationEvent: 'onStartupFinished'
2025-02-11 05:26:52.970 [info] ExtensionService#_doActivateExtension google.geminicodeassist, startup: false, activationEvent: 'onStartupFinished', root cause: googlecloudtools.cloudcode
2025-02-11 05:26:52.971 [info] ExtensionService#_doActivateExtension vscode.debug-auto-launch, startup: false, activationEvent: 'onStartupFinished'
2025-02-11 05:26:52.971 [info] ExtensionService#_doActivateExtension vscode.merge-conflict, startup: false, activationEvent: 'onStartupFinished'
2025-02-11 05:26:54.657 [info] ExtensionService#_doActivateExtension googlecloudtools.cloudcode, startup: false, activationEvent: 'onStartupFinished'
2025-02-11 05:30:24.325 [error] CodeExpectedError: cannot open vscode-remote://970-cs-096cfbe1-7e84-4508-9969-2f989249c9a3.cs-asia-southeast1-bool.cloudshell.dev/home/rahul_chalwadi03/my-proj. Detail: Unable to read file 'vscode-remote://970-cs-096cfbe1-7e84-4508-9969-2f989249c9a3.cs-asia-southeast1-bool.cloudshell.dev/home/rahul_chalwadi03/my-proj' (Error: Unable to read file 'vscode-remote://970-cs-096cfbe1-7e84-4508-9969-2f989249c9a3.cs-asia-southeast1-bool.cloudshell.dev/home/rahul_chalwadi03/my-proj' that is actually a directory)
    at bFe.$tryOpenDocument (https://970-cs-096cfbe1-7e84-4508-9969-2f989249c9a3.cs-asia-southeast1-bool.cloudshell.dev/cde-8a4a9866a84fc69cbf88cee74cc649dcd502b45e/static/out/vs/code/browser/workbench/workbench.js:619:8481)
2025-02-11 05:31:58.386 [info] ExtensionService#_doActivateExtension vscode.github-authentication, startup: false, activationEvent: 'onAuthenticationRequest:github'
