2025-02-11 16:03:58.289 [info] Extension host with pid 1215 started
2025-02-11 16:03:58.290 [error] Error: EEXIST: file already exists, open '/home/rahul_chalwadi03/.codeoss/data/User/workspaceStorage/-23fbf1f5/vscode.lock'
2025-02-11 16:03:58.309 [info] Lock '/home/rahul_chalwadi03/.codeoss/data/User/workspaceStorage/-23fbf1f5/vscode.lock': Could not acquire lock, checking if the file is stale.
2025-02-11 16:03:58.318 [info] Lock '/home/rahul_chalwadi03/.codeoss/data/User/workspaceStorage/-23fbf1f5/vscode.lock': The lock looks stale, waiting for 2s.
2025-02-11 16:03:58.424 [info] ExtensionService#_doActivateExtension vscode.git-base, startup: true, activationEvent: '*', root cause: vscode.git
2025-02-11 16:03:58.483 [info] ExtensionService#_doActivateExtension google.cloud-shell, startup: false, activationEvent: 'onTerminalProfile:cloudshell.default'
2025-02-11 16:04:00.320 [info] Lock '/home/rahul_chalwadi03/.codeoss/data/User/workspaceStorage/-23fbf1f5/vscode.lock': The lock looks stale even after waiting for 2s.
2025-02-11 16:04:00.321 [info] Lock '/home/rahul_chalwadi03/.codeoss/data/User/workspaceStorage/-23fbf1f5/vscode.lock': Deleting a stale lock.
2025-02-11 16:04:00.328 [info] Lock '/home/rahul_chalwadi03/.codeoss/data/User/workspaceStorage/-23fbf1f5/vscode.lock': Lock acquired.
2025-02-11 16:04:00.467 [info] ExtensionService#_doActivateExtension vscode.git, startup: true, activationEvent: '*'
2025-02-11 16:04:00.468 [info] ExtensionService#_doActivateExtension vscode.github, startup: true, activationEvent: '*'
2025-02-11 16:04:00.697 [info] ExtensionService#_doActivateExtension vscode.configuration-editing, startup: false, activationEvent: 'onLanguage:jsonc'
2025-02-11 16:04:00.698 [info] ExtensionService#_doActivateExtension vscode.json-language-features, startup: false, activationEvent: 'onLanguage:jsonc'
2025-02-11 16:04:00.698 [info] ExtensionService#_doActivateExtension vscode.typescript-language-features, startup: false, activationEvent: 'onLanguage:jsonc'
2025-02-11 16:04:00.698 [info] ExtensionService#_doActivateExtension vscode.emmet, startup: false, activationEvent: 'onLanguage'
2025-02-11 16:04:00.930 [info] Eager extensions activated
2025-02-11 16:04:00.930 [info] ExtensionService#_doActivateExtension EditorConfig.EditorConfig, startup: false, activationEvent: 'onStartupFinished'
2025-02-11 16:04:00.931 [info] ExtensionService#_doActivateExtension google.geminicodeassist, startup: false, activationEvent: 'onStartupFinished', root cause: googlecloudtools.cloudcode
2025-02-11 16:04:00.931 [info] ExtensionService#_doActivateExtension vscode.debug-auto-launch, startup: false, activationEvent: 'onStartupFinished'
2025-02-11 16:04:00.932 [info] ExtensionService#_doActivateExtension vscode.merge-conflict, startup: false, activationEvent: 'onStartupFinished'
2025-02-11 16:04:02.587 [info] ExtensionService#_doActivateExtension googlecloudtools.cloudcode, startup: false, activationEvent: 'onStartupFinished'
2025-02-11 16:04:04.849 [info] ExtensionService#_doActivateExtension vscode.extension-editing, startup: false, activationEvent: 'onLanguage:markdown'
2025-02-11 16:04:04.849 [info] ExtensionService#_doActivateExtension vscode.markdown-language-features, startup: false, activationEvent: 'onLanguage:markdown'
2025-02-11 16:04:05.944 [info] ExtensionService#_doActivateExtension vscode.github-authentication, startup: false, activationEvent: 'onAuthenticationRequest:github'
2025-02-11 16:04:50.168 [info] ExtensionService#_doActivateExtension ms-python.python, startup: false, activationEvent: 'onLanguage:python'
2025-02-11 16:04:50.688 [error] Error: spawn /google/devshell/editor/code-oss-for-cloud-shell/extensions/ms-python.python/python-env-tools/bin/pet ENOENT
    at Process.ChildProcess._handle.onexit (node:internal/child_process:286:19)
    at onErrorNT (node:internal/child_process:484:16)
    at processTicksAndRejections (node:internal/process/task_queues:82:21)
2025-02-11 16:06:19.982 [error] Error: spawn git ENOENT
    at Process.ChildProcess._handle.onexit (node:internal/child_process:286:19)
    at onErrorNT (node:internal/child_process:484:16)
    at processTicksAndRejections (node:internal/process/task_queues:82:21)
2025-02-11 16:06:20.983 [error] Error: spawn git ENOENT
    at Process.ChildProcess._handle.onexit (node:internal/child_process:286:19)
    at onErrorNT (node:internal/child_process:484:16)
    at processTicksAndRejections (node:internal/process/task_queues:82:21)
