2025-02-08 15:37:00.370 [info] Extension host with pid 1242 started
2025-02-08 15:37:00.373 [error] Error: EEXIST: file already exists, open '/home/rahul_chalwadi03/.codeoss/data/User/workspaceStorage/-23fbf1f5/vscode.lock'
2025-02-08 15:37:00.408 [info] Lock '/home/rahul_chalwadi03/.codeoss/data/User/workspaceStorage/-23fbf1f5/vscode.lock': Could not acquire lock, checking if the file is stale.
2025-02-08 15:37:00.409 [info] Lock '/home/rahul_chalwadi03/.codeoss/data/User/workspaceStorage/-23fbf1f5/vscode.lock': The pid 1218 appears to be gone.
2025-02-08 15:37:00.409 [info] Lock '/home/rahul_chalwadi03/.codeoss/data/User/workspaceStorage/-23fbf1f5/vscode.lock': Deleting a stale lock.
2025-02-08 15:37:00.415 [info] Lock '/home/rahul_chalwadi03/.codeoss/data/User/workspaceStorage/-23fbf1f5/vscode.lock': Lock acquired.
2025-02-08 15:37:00.841 [info] ExtensionService#_doActivateExtension vscode.emmet, startup: false, activationEvent: 'onLanguage'
2025-02-08 15:37:01.014 [info] ExtensionService#_doActivateExtension vscode.git-base, startup: true, activationEvent: '*', root cause: vscode.git
2025-02-08 15:37:01.270 [info] ExtensionService#_doActivateExtension vscode.git, startup: true, activationEvent: '*'
2025-02-08 15:37:01.271 [info] ExtensionService#_doActivateExtension vscode.github, startup: true, activationEvent: '*'
2025-02-08 15:37:03.288 [info] ExtensionService#_doActivateExtension redhat.fabric8-analytics, startup: true, activationEvent: 'workspaceContains:**/package.json,**/pom.xml,**/go.mod,**/requirements.txt,**/build.gradle,**/Dockerfile,**/Containerfile'
2025-02-08 15:37:03.764 [info] Eager extensions activated
2025-02-08 15:37:03.764 [info] ExtensionService#_doActivateExtension EditorConfig.EditorConfig, startup: false, activationEvent: 'onStartupFinished'
2025-02-08 15:37:03.765 [info] ExtensionService#_doActivateExtension google.cloud-shell, startup: false, activationEvent: 'onStartupFinished'
2025-02-08 15:37:03.765 [info] ExtensionService#_doActivateExtension google.geminicodeassist, startup: false, activationEvent: 'onStartupFinished', root cause: googlecloudtools.cloudcode
2025-02-08 15:37:03.765 [info] ExtensionService#_doActivateExtension vscode.debug-auto-launch, startup: false, activationEvent: 'onStartupFinished'
2025-02-08 15:37:03.765 [info] ExtensionService#_doActivateExtension vscode.merge-conflict, startup: false, activationEvent: 'onStartupFinished'
2025-02-08 15:37:05.023 [info] ExtensionService#_doActivateExtension googlecloudtools.cloudcode, startup: false, activationEvent: 'onStartupFinished'
2025-02-08 15:37:07.353 [info] ExtensionService#_doActivateExtension vscode.configuration-editing, startup: false, activationEvent: 'onLanguage:jsonc'
2025-02-08 15:37:07.354 [info] ExtensionService#_doActivateExtension vscode.json-language-features, startup: false, activationEvent: 'onLanguage:jsonc'
2025-02-08 15:37:07.354 [info] ExtensionService#_doActivateExtension vscode.typescript-language-features, startup: false, activationEvent: 'onLanguage:jsonc'
