Initializing document watcher...
Document watcher initialized
rahul_chalwadi03/my-app/dev1/app.py: {}
rahul_chalwadi03/my-app/dev1/app.py: {}
rahul_chalwadi03/my-app/dev1/app.py: {}
rahul_chalwadi03/my-app/dev1/app.py: {}
rahul_chalwadi03/my-app/dev1/app.py: {}
rahul_chalwadi03/my-app/dev1/app.py: {}
rahul_chalwadi03/my-app/dev1/app.py: {}
rahul_chalwadi03/my-app/dev1/app.py: {}
rahul_chalwadi03/my-app/dev1/app.py: {}
rahul_chalwadi03/my-app/dev1/app.py: {}
rahul_chalwadi03/github-actions-poc/README.md: {}
rahul_chalwadi03/github-actions-poc/README.md: {}
rahul_chalwadi03/github-actions-poc/README.md: {}
rahul_chalwadi03/github-actions-poc/README.md: {}
rahul_chalwadi03/github-actions-poc/README.md: {}
rahul_chalwadi03/github-actions-poc/README.md: {}
rahul_chalwadi03/github-actions-poc/README.md: {}
rahul_chalwadi03/github-actions-poc/README.md: {}
rahul_chalwadi03/github-actions-poc/README.md: {}
rahul_chalwadi03/github-actions-poc/README.md: {}
rahul_chalwadi03/github-actions-poc/README.md: {}
rahul_chalwadi03/github-actions-poc/README.md: {}
rahul_chalwadi03/github-actions-poc/README.md: {}
rahul_chalwadi03/github-actions-poc/README.md: {}
rahul_chalwadi03/github-actions-poc/README.md: {}
rahul_chalwadi03/github-actions-poc/README.md: {}
rahul_chalwadi03/github-actions-poc/README.md: {}
rahul_chalwadi03/github-actions-poc/README.md: {}
rahul_chalwadi03/github-actions-poc/README.md: {}
rahul_chalwadi03/github-actions-poc/README.md: {}
rahul_chalwadi03/github-actions-poc/README.md: {}
rahul_chalwadi03/github-actions-poc/README.md: {}
rahul_chalwadi03/github-actions-poc/README.md: {}
rahul_chalwadi03/github-actions-poc/README.md: {}
rahul_chalwadi03/github-actions-poc/README.md: {}
rahul_chalwadi03/github-actions-poc/README.md: {}
rahul_chalwadi03/github-actions-poc/README.md: {}
rahul_chalwadi03/github-actions-poc/README.md: {}
rahul_chalwadi03/github-actions-poc/README.md: {}
rahul_chalwadi03/github-actions-poc/README.md: {}
rahul_chalwadi03/github-actions-poc/README.md: {}
rahul_chalwadi03/github-actions-poc/README.md: {}
rahul_chalwadi03/github-actions-poc/README.md: {}
rahul_chalwadi03/github-actions-poc/README.md: {}
rahul_chalwadi03/github-actions-poc/README.md: {}
rahul_chalwadi03/github-actions-poc/README.md: {}
rahul_chalwadi03/github-actions-poc/README.md: {}
rahul_chalwadi03/github-actions-poc/README.md: {}
rahul_chalwadi03/github-actions-poc/README.md: {}
rahul_chalwadi03/github-actions-poc/cloud-run-cicd/package.json: {}
rahul_chalwadi03/github-actions-poc/cloud-run-cicd/package-lock.json: {}
rahul_chalwadi03/github-actions-poc/cloud-run-cicd/index.js: {}
rahul_chalwadi03/github-actions-poc/cloud-run-cicd/index.js: {}
rahul_chalwadi03/github-actions-poc/cloud-run-cicd/index.js: Using EditorConfig core...
rahul_chalwadi03/github-actions-poc/cloud-run-cicd/index.js: {}
rahul_chalwadi03/github-actions-poc/cloud-run-cicd/index.js: {}
rahul_chalwadi03/github-actions-poc/cloud-run-cicd/Dockerfile: {}
rahul_chalwadi03/github-actions-poc/cloud-run-cicd/Dockerfile: {}
rahul_chalwadi03/github-actions-poc/cloud-run-cicd/Dockerfile: Using EditorConfig core...
rahul_chalwadi03/github-actions-poc/cloud-run-cicd/Dockerfile: {}
rahul_chalwadi03/github-actions-poc/cloud-run-cicd/Dockerfile: {}
rahul_chalwadi03/github-actions-poc/cloud-run-cicd/Dockerfile: {}
rahul_chalwadi03/github-actions-poc/cloud-run-cicd/Dockerfile: {}
rahul_chalwadi03/github-actions-poc/cloud-run-cicd/Dockerfile: {}
rahul_chalwadi03/github-actions-poc/cloud-run-cicd/Dockerfile: {}
rahul_chalwadi03/github-actions-poc/cloud-run-cicd/Dockerfile: {}
rahul_chalwadi03/github-actions-poc/cloud-run-cicd/Dockerfile: {}
rahul_chalwadi03/github-actions-poc/cloud-run-cicd/Dockerfile: {}
rahul_chalwadi03/github-actions-poc/cloud-run-cicd/Dockerfile: {}
rahul_chalwadi03/github-actions-poc/cloud-run-cicd/Dockerfile: {}
rahul_chalwadi03/github-actions-poc/cloud-run-cicd/Dockerfile: {}
rahul_chalwadi03/github-actions-poc/cloud-run-cicd/Dockerfile: {}
rahul_chalwadi03/github-actions-poc/cloud-run-cicd/Dockerfile: {}
rahul_chalwadi03/github-actions-poc/cloud-run-cicd/Dockerfile: {}
rahul_chalwadi03/github-actions-poc/cloud-run-cicd/Dockerfile: {}
rahul_chalwadi03/github-actions-poc/cloud-run-cicd/Dockerfile: {}
rahul_chalwadi03/github-actions-poc/cloud-run-cicd/Dockerfile: {}
rahul_chalwadi03/github-actions-poc/cloud-run-cicd/Dockerfile: {}
rahul_chalwadi03/github-actions-poc/cloud-run-cicd/Dockerfile: {}
rahul_chalwadi03/github-actions-poc/cloud-run-cicd/Dockerfile: {}
rahul_chalwadi03/github-actions-poc/cloud-run-cicd/Dockerfile: {}
rahul_chalwadi03/github-actions-poc/cloud-run-cicd/Dockerfile: {}
rahul_chalwadi03/github-actions-poc/cloud-run-cicd/Dockerfile: {}
rahul_chalwadi03/github-actions-poc/cloud-run-cicd/Dockerfile: {}
rahul_chalwadi03/github-actions-poc/cloud-run-cicd/Dockerfile: {}
rahul_chalwadi03/github-actions-poc/cloud-run-cicd/Dockerfile: {}
rahul_chalwadi03/github-actions-poc/cloud-run-cicd/Dockerfile: {}
rahul_chalwadi03/github-actions-poc/cloud-run-cicd/Dockerfile: {}
rahul_chalwadi03/github-actions-poc/cloud-run-cicd/Dockerfile: {}
rahul_chalwadi03/github-actions-poc/cloud-run-cicd/Dockerfile: {}
rahul_chalwadi03/github-actions-poc/cloud-run-cicd/Dockerfile: {}
rahul_chalwadi03/github-actions-poc/cloud-run-cicd/Dockerfile: {}
rahul_chalwadi03/github-actions-poc/cloud-run-cicd/Dockerfile: {}
rahul_chalwadi03/github-actions-poc/cloud-run-cicd/Dockerfile: {}
rahul_chalwadi03/github-actions-poc/cloud-run-cicd/Dockerfile: {}
rahul_chalwadi03/github-actions-poc/cloud-run-cicd/Dockerfile: {}
rahul_chalwadi03/github-actions-poc/package.json: {}
rahul_chalwadi03/github-actions-poc/package.json: {}
rahul_chalwadi03/github-actions-poc/package.json: {}
rahul_chalwadi03/github-actions-poc/package.json: {}
rahul_chalwadi03/github-actions-poc/package-lock.json: {}
rahul_chalwadi03/github-actions-poc/package.json: {}
rahul_chalwadi03/github-actions-poc/package.json: {}
rahul_chalwadi03/github-actions-poc/package.json: Using EditorConfig core...
rahul_chalwadi03/github-actions-poc/package.json: Using EditorConfig core...
rahul_chalwadi03/github-actions-poc/package.json: {}
rahul_chalwadi03/github-actions-poc/package.json: {}
rahul_chalwadi03/github-actions-poc/package.json: {}
rahul_chalwadi03/github-actions-poc/package.json: {}
rahul_chalwadi03/github-actions-poc/package.json: {}
rahul_chalwadi03/github-actions-poc/package.json: {}
rahul_chalwadi03/github-actions-poc/package.json: {}
rahul_chalwadi03/github-actions-poc/package.json: {}
rahul_chalwadi03/github-actions-poc/package.json: {}
rahul_chalwadi03/github-actions-poc/package.json: {}
rahul_chalwadi03/github-actions-poc/package.json: {}
rahul_chalwadi03/github-actions-poc/package.json: {}
rahul_chalwadi03/github-actions-poc/package.json: {}
rahul_chalwadi03/github-actions-poc/package.json: {}
rahul_chalwadi03/github-actions-poc/package.json: {}
rahul_chalwadi03/github-actions-poc/package.json: {}
rahul_chalwadi03/github-actions-poc/key.json: {}
rahul_chalwadi03/github-actions-poc/key.json: {}
rahul_chalwadi03/github-actions-poc/key.json: {}
rahul_chalwadi03/github-actions-poc/key.json: {}
rahul_chalwadi03/github-actions-poc/key.json: {}
rahul_chalwadi03/github-actions-poc/key.json: {}
rahul_chalwadi03/github-actions-poc/key.json: {}
rahul_chalwadi03/github-actions-poc/key.json: {}
rahul_chalwadi03/github-actions-poc/key.json: {}
rahul_chalwadi03/github-actions-poc/key.json: {}
rahul_chalwadi03/github-actions-poc/key.json: {}
rahul_chalwadi03/github-actions-poc/key.json: {}
rahul_chalwadi03/github-actions-poc/key.json: {}
rahul_chalwadi03/github-actions-poc/key.json: {}
