2025-02-13 15:56:54.594 [info] Extension host with pid 1234 started
2025-02-13 15:56:54.594 [error] Error: EEXIST: file already exists, open '/home/rahul_chalwadi03/.codeoss/data/User/workspaceStorage/-23fbf1f5/vscode.lock'
2025-02-13 15:56:54.604 [info] Lock '/home/rahul_chalwadi03/.codeoss/data/User/workspaceStorage/-23fbf1f5/vscode.lock': Could not acquire lock, checking if the file is stale.
2025-02-13 15:56:54.605 [info] Lock '/home/rahul_chalwadi03/.codeoss/data/User/workspaceStorage/-23fbf1f5/vscode.lock': The pid 1211 appears to be gone.
2025-02-13 15:56:54.605 [info] Lock '/home/rahul_chalwadi03/.codeoss/data/User/workspaceStorage/-23fbf1f5/vscode.lock': Deleting a stale lock.
2025-02-13 15:56:54.618 [info] Lock '/home/rahul_chalwadi03/.codeoss/data/User/workspaceStorage/-23fbf1f5/vscode.lock': Lock acquired.
2025-02-13 15:56:54.855 [info] ExtensionService#_doActivateExtension vscode.emmet, startup: false, activationEvent: 'onLanguage'
2025-02-13 15:56:54.856 [info] ExtensionService#_doActivateExtension ms-python.python, startup: false, activationEvent: 'onLanguage:python'
2025-02-13 15:56:55.576 [error] Error: spawn /google/devshell/editor/code-oss-for-cloud-shell/extensions/ms-python.python/python-env-tools/bin/pet ENOENT
	at ChildProcess._handle.onexit (node:internal/child_process:286:19)
	at onErrorNT (node:internal/child_process:484:16)
	at process.processTicksAndRejections (node:internal/process/task_queues:82:21)
2025-02-13 15:56:55.787 [info] ExtensionService#_doActivateExtension vscode.git-base, startup: true, activationEvent: '*', root cause: vscode.git
2025-02-13 15:56:56.026 [info] ExtensionService#_doActivateExtension vscode.git, startup: true, activationEvent: '*'
2025-02-13 15:56:56.026 [info] ExtensionService#_doActivateExtension vscode.github, startup: true, activationEvent: '*'
2025-02-13 15:56:56.786 [info] ExtensionService#_doActivateExtension vscode.github-authentication, startup: false, activationEvent: 'onAuthenticationRequest:github'
2025-02-13 15:56:57.782 [info] ExtensionService#_doActivateExtension google.cloud-shell, startup: false, activationEvent: 'onTerminalProfile:cloudshell.default'
2025-02-13 15:56:58.114 [info] ExtensionService#_doActivateExtension redhat.fabric8-analytics, startup: true, activationEvent: 'workspaceContains:**/package.json,**/pom.xml,**/go.mod,**/requirements.txt,**/build.gradle,**/Dockerfile,**/Containerfile'
2025-02-13 15:56:58.421 [info] ExtensionService#_doActivateExtension vscode.configuration-editing, startup: false, activationEvent: 'onLanguage:jsonc'
2025-02-13 15:56:58.421 [info] ExtensionService#_doActivateExtension vscode.json-language-features, startup: false, activationEvent: 'onLanguage:jsonc'
2025-02-13 15:56:58.421 [info] ExtensionService#_doActivateExtension vscode.typescript-language-features, startup: false, activationEvent: 'onLanguage:jsonc'
2025-02-13 15:56:58.722 [info] Eager extensions activated
2025-02-13 15:56:58.723 [info] ExtensionService#_doActivateExtension EditorConfig.EditorConfig, startup: false, activationEvent: 'onStartupFinished'
2025-02-13 15:56:58.723 [info] ExtensionService#_doActivateExtension google.geminicodeassist, startup: false, activationEvent: 'onStartupFinished', root cause: googlecloudtools.cloudcode
2025-02-13 15:56:58.723 [info] ExtensionService#_doActivateExtension vscode.debug-auto-launch, startup: false, activationEvent: 'onStartupFinished'
2025-02-13 15:56:58.724 [info] ExtensionService#_doActivateExtension vscode.merge-conflict, startup: false, activationEvent: 'onStartupFinished'
2025-02-13 15:57:00.429 [info] ExtensionService#_doActivateExtension googlecloudtools.cloudcode, startup: false, activationEvent: 'onStartupFinished'
2025-02-13 16:00:48.640 [info] ExtensionService#_doActivateExtension vscode.extension-editing, startup: false, activationEvent: 'onLanguage:markdown'
2025-02-13 16:00:48.641 [info] ExtensionService#_doActivateExtension vscode.markdown-language-features, startup: false, activationEvent: 'onLanguage:markdown'
2025-02-13 16:00:49.296 [info] ExtensionService#_doActivateExtension vscode.markdown-math, startup: false, activationEvent: 'api', root cause: vscode.markdown-language-features
2025-02-13 16:16:10.269 [info] ExtensionService#_doActivateExtension vscode.npm, startup: false, activationEvent: 'onLanguage:json'
2025-02-13 16:16:58.790 [warning] [Decorations] CAPPING events from decorations provider vscode.git 627
2025-02-13 16:17:41.978 [warning] [Decorations] CAPPING events from decorations provider vscode.git 628
2025-02-13 16:18:15.763 [warning] [Decorations] CAPPING events from decorations provider vscode.git 628
2025-02-13 16:24:15.955 [warning] [Decorations] CAPPING events from decorations provider vscode.git 628
2025-02-13 17:33:50.786 [info] Extension host terminating: renderer disconnected for too long (2)
2025-02-13 17:33:50.787 [info] Lock '/home/rahul_chalwadi03/.codeoss/data/User/workspaceStorage/-23fbf1f5/vscode.lock': Marking the lockfile as scheduled to be released in 6000 ms.
2025-02-13 17:33:50.855 [error] Canceled: Canceled
    at new eA (file:///google/devshell/editor/code-oss-for-cloud-shell/out/vs/workbench/api/node/extensionHostProcess.js:31:116752)
    at Zb.U (file:///google/devshell/editor/code-oss-for-cloud-shell/out/vs/workbench/api/node/extensionHostProcess.js:31:121364)
    at Proxy.s.<computed>.n.charCodeAt.s.<computed> (file:///google/devshell/editor/code-oss-for-cloud-shell/out/vs/workbench/api/node/extensionHostProcess.js:31:118858)
    at T0.g (file:///google/devshell/editor/code-oss-for-cloud-shell/out/vs/workbench/api/node/extensionHostProcess.js:114:32325)
    at T0.executeCommand (file:///google/devshell/editor/code-oss-for-cloud-shell/out/vs/workbench/api/node/extensionHostProcess.js:114:31826)
    at r.registerCommand.description (file:///google/devshell/editor/code-oss-for-cloud-shell/out/vs/workbench/api/node/extensionHostProcess.js:114:31156)
    at T0.h (file:///google/devshell/editor/code-oss-for-cloud-shell/out/vs/workbench/api/node/extensionHostProcess.js:114:32845)
    at T0.g (file:///google/devshell/editor/code-oss-for-cloud-shell/out/vs/workbench/api/node/extensionHostProcess.js:114:31919)
    at T0.executeCommand (file:///google/devshell/editor/code-oss-for-cloud-shell/out/vs/workbench/api/node/extensionHostProcess.js:114:31826)
    at Object.executeCommand (file:///google/devshell/editor/code-oss-for-cloud-shell/out/vs/workbench/api/node/extensionHostProcess.js:156:37049)
    at gh.O [as value] (/google/devshell/editor/code-oss-for-cloud-shell/extensions/git/dist/main.js:2:173696)
    at T.B (file:///google/devshell/editor/code-oss-for-cloud-shell/out/vs/workbench/api/node/extensionHostProcess.js:29:732)
    at T.C (file:///google/devshell/editor/code-oss-for-cloud-shell/out/vs/workbench/api/node/extensionHostProcess.js:29:802)
    at T.fire (file:///google/devshell/editor/code-oss-for-cloud-shell/out/vs/workbench/api/node/extensionHostProcess.js:29:1019)
    at Object.p [as dispose] (/google/devshell/editor/code-oss-for-cloud-shell/extensions/git/dist/main.js:2:194274)
    at /google/devshell/editor/code-oss-for-cloud-shell/extensions/git/dist/main.js:2:200396
    at Array.forEach (<anonymous>)
    at f.dispose (/google/devshell/editor/code-oss-for-cloud-shell/extensions/git/dist/main.js:2:200382)
    at D1.<anonymous> (file:///google/devshell/editor/code-oss-for-cloud-shell/out/vs/workbench/api/node/extensionHostProcess.js:108:19996)
    at D1.dispose (file:///google/devshell/editor/code-oss-for-cloud-shell/out/vs/workbench/api/node/extensionHostProcess.js:108:20092)
    at D1.<anonymous> (/google/devshell/editor/code-oss-for-cloud-shell/extensions/git/dist/main.js:2:175994)
    at D1.dispose (file:///google/devshell/editor/code-oss-for-cloud-shell/out/vs/workbench/api/node/extensionHostProcess.js:108:20092)
    at Si (file:///google/devshell/editor/code-oss-for-cloud-shell/out/vs/workbench/api/node/extensionHostProcess.js:24:701)
    at file:///google/devshell/editor/code-oss-for-cloud-shell/out/vs/workbench/api/node/extensionHostProcess.js:118:14995
    at file:///google/devshell/editor/code-oss-for-cloud-shell/out/vs/workbench/api/node/extensionHostProcess.js:24:1011
    at Object.dispose (file:///google/devshell/editor/code-oss-for-cloud-shell/out/vs/workbench/api/node/extensionHostProcess.js:7:2146)
    at dB.eb (file:///google/devshell/editor/code-oss-for-cloud-shell/out/vs/workbench/api/node/extensionHostProcess.js:118:11922)
    at file:///google/devshell/editor/code-oss-for-cloud-shell/out/vs/workbench/api/node/extensionHostProcess.js:118:9877
    at Array.map (<anonymous>)
    at dB.$ (file:///google/devshell/editor/code-oss-for-cloud-shell/out/vs/workbench/api/node/extensionHostProcess.js:118:9865)
    at dB.terminate (file:///google/devshell/editor/code-oss-for-cloud-shell/out/vs/workbench/api/node/extensionHostProcess.js:118:10108)
    at M3.terminate (file:///google/devshell/editor/code-oss-for-cloud-shell/out/vs/workbench/api/node/extensionHostProcess.js:119:1424)
    at ps (file:///google/devshell/editor/code-oss-for-cloud-shell/out/vs/workbench/api/node/extensionHostProcess.js:174:15058)
    at H4.a (file:///google/devshell/editor/code-oss-for-cloud-shell/out/vs/workbench/api/node/extensionHostProcess.js:174:11968)
    at H4.h (file:///google/devshell/editor/code-oss-for-cloud-shell/out/vs/workbench/api/node/extensionHostProcess.js:30:75706)
    at listOnTimeout (node:internal/timers:581:17)
    at processTimers (node:internal/timers:519:7) setContext undefined
2025-02-13 17:33:50.856 [error] Canceled: Canceled
    at new eA (file:///google/devshell/editor/code-oss-for-cloud-shell/out/vs/workbench/api/node/extensionHostProcess.js:31:116752)
    at Zb.U (file:///google/devshell/editor/code-oss-for-cloud-shell/out/vs/workbench/api/node/extensionHostProcess.js:31:121364)
    at Proxy.s.<computed>.n.charCodeAt.s.<computed> (file:///google/devshell/editor/code-oss-for-cloud-shell/out/vs/workbench/api/node/extensionHostProcess.js:31:118858)
    at T0.g (file:///google/devshell/editor/code-oss-for-cloud-shell/out/vs/workbench/api/node/extensionHostProcess.js:114:32325)
    at T0.executeCommand (file:///google/devshell/editor/code-oss-for-cloud-shell/out/vs/workbench/api/node/extensionHostProcess.js:114:31826)
    at r.registerCommand.description (file:///google/devshell/editor/code-oss-for-cloud-shell/out/vs/workbench/api/node/extensionHostProcess.js:114:31156)
    at T0.h (file:///google/devshell/editor/code-oss-for-cloud-shell/out/vs/workbench/api/node/extensionHostProcess.js:114:32845)
    at T0.g (file:///google/devshell/editor/code-oss-for-cloud-shell/out/vs/workbench/api/node/extensionHostProcess.js:114:31919)
    at T0.executeCommand (file:///google/devshell/editor/code-oss-for-cloud-shell/out/vs/workbench/api/node/extensionHostProcess.js:114:31826)
    at Object.executeCommand (file:///google/devshell/editor/code-oss-for-cloud-shell/out/vs/workbench/api/node/extensionHostProcess.js:156:37049)
    at gh.O [as value] (/google/devshell/editor/code-oss-for-cloud-shell/extensions/git/dist/main.js:2:173696)
    at T.B (file:///google/devshell/editor/code-oss-for-cloud-shell/out/vs/workbench/api/node/extensionHostProcess.js:29:732)
    at T.C (file:///google/devshell/editor/code-oss-for-cloud-shell/out/vs/workbench/api/node/extensionHostProcess.js:29:802)
    at T.fire (file:///google/devshell/editor/code-oss-for-cloud-shell/out/vs/workbench/api/node/extensionHostProcess.js:29:1019)
    at Object.p [as dispose] (/google/devshell/editor/code-oss-for-cloud-shell/extensions/git/dist/main.js:2:194274)
    at /google/devshell/editor/code-oss-for-cloud-shell/extensions/git/dist/main.js:2:200396
    at Array.forEach (<anonymous>)
    at f.dispose (/google/devshell/editor/code-oss-for-cloud-shell/extensions/git/dist/main.js:2:200382)
    at D1.<anonymous> (file:///google/devshell/editor/code-oss-for-cloud-shell/out/vs/workbench/api/node/extensionHostProcess.js:108:19996)
    at D1.dispose (file:///google/devshell/editor/code-oss-for-cloud-shell/out/vs/workbench/api/node/extensionHostProcess.js:108:20092)
    at D1.<anonymous> (/google/devshell/editor/code-oss-for-cloud-shell/extensions/git/dist/main.js:2:175994)
    at D1.dispose (file:///google/devshell/editor/code-oss-for-cloud-shell/out/vs/workbench/api/node/extensionHostProcess.js:108:20092)
    at Si (file:///google/devshell/editor/code-oss-for-cloud-shell/out/vs/workbench/api/node/extensionHostProcess.js:24:701)
    at file:///google/devshell/editor/code-oss-for-cloud-shell/out/vs/workbench/api/node/extensionHostProcess.js:118:14995
    at file:///google/devshell/editor/code-oss-for-cloud-shell/out/vs/workbench/api/node/extensionHostProcess.js:24:1011
    at Object.dispose (file:///google/devshell/editor/code-oss-for-cloud-shell/out/vs/workbench/api/node/extensionHostProcess.js:7:2146)
    at dB.eb (file:///google/devshell/editor/code-oss-for-cloud-shell/out/vs/workbench/api/node/extensionHostProcess.js:118:11922)
    at file:///google/devshell/editor/code-oss-for-cloud-shell/out/vs/workbench/api/node/extensionHostProcess.js:118:9877
    at Array.map (<anonymous>)
    at dB.$ (file:///google/devshell/editor/code-oss-for-cloud-shell/out/vs/workbench/api/node/extensionHostProcess.js:118:9865)
    at dB.terminate (file:///google/devshell/editor/code-oss-for-cloud-shell/out/vs/workbench/api/node/extensionHostProcess.js:118:10108)
    at M3.terminate (file:///google/devshell/editor/code-oss-for-cloud-shell/out/vs/workbench/api/node/extensionHostProcess.js:119:1424)
    at ps (file:///google/devshell/editor/code-oss-for-cloud-shell/out/vs/workbench/api/node/extensionHostProcess.js:174:15058)
    at H4.a (file:///google/devshell/editor/code-oss-for-cloud-shell/out/vs/workbench/api/node/extensionHostProcess.js:174:11968)
    at H4.h (file:///google/devshell/editor/code-oss-for-cloud-shell/out/vs/workbench/api/node/extensionHostProcess.js:30:75706)
    at listOnTimeout (node:internal/timers:581:17)
    at processTimers (node:internal/timers:519:7) setContext undefined
2025-02-13 17:33:50.860 [error] Canceled: Canceled
    at new eA (file:///google/devshell/editor/code-oss-for-cloud-shell/out/vs/workbench/api/node/extensionHostProcess.js:31:116752)
    at Zb.U (file:///google/devshell/editor/code-oss-for-cloud-shell/out/vs/workbench/api/node/extensionHostProcess.js:31:121364)
    at Proxy.s.<computed>.n.charCodeAt.s.<computed> (file:///google/devshell/editor/code-oss-for-cloud-shell/out/vs/workbench/api/node/extensionHostProcess.js:31:118858)
    at T0.g (file:///google/devshell/editor/code-oss-for-cloud-shell/out/vs/workbench/api/node/extensionHostProcess.js:114:32325)
    at T0.executeCommand (file:///google/devshell/editor/code-oss-for-cloud-shell/out/vs/workbench/api/node/extensionHostProcess.js:114:31826)
    at r.registerCommand.description (file:///google/devshell/editor/code-oss-for-cloud-shell/out/vs/workbench/api/node/extensionHostProcess.js:114:31156)
    at T0.h (file:///google/devshell/editor/code-oss-for-cloud-shell/out/vs/workbench/api/node/extensionHostProcess.js:114:32845)
    at T0.g (file:///google/devshell/editor/code-oss-for-cloud-shell/out/vs/workbench/api/node/extensionHostProcess.js:114:31919)
    at T0.executeCommand (file:///google/devshell/editor/code-oss-for-cloud-shell/out/vs/workbench/api/node/extensionHostProcess.js:114:31826)
    at Object.executeCommand (file:///google/devshell/editor/code-oss-for-cloud-shell/out/vs/workbench/api/node/extensionHostProcess.js:156:37049)
    at a.VscodeDevShareProvider.set hasGitHubRepositories [as hasGitHubRepositories] (/google/devshell/editor/code-oss-for-cloud-shell/extensions/github/dist/extension.js:2:25682)
    at /google/devshell/editor/code-oss-for-cloud-shell/extensions/github/dist/extension.js:2:26641
    at gh.value (/google/devshell/editor/code-oss-for-cloud-shell/extensions/git/dist/main.js:2:282537)
    at T.B (file:///google/devshell/editor/code-oss-for-cloud-shell/out/vs/workbench/api/node/extensionHostProcess.js:29:732)
    at T.C (file:///google/devshell/editor/code-oss-for-cloud-shell/out/vs/workbench/api/node/extensionHostProcess.js:29:802)
    at T.fire (file:///google/devshell/editor/code-oss-for-cloud-shell/out/vs/workbench/api/node/extensionHostProcess.js:29:1019)
    at Object.p [as dispose] (/google/devshell/editor/code-oss-for-cloud-shell/extensions/git/dist/main.js:2:194274)
    at /google/devshell/editor/code-oss-for-cloud-shell/extensions/git/dist/main.js:2:200396
    at Array.forEach (<anonymous>)
    at f.dispose (/google/devshell/editor/code-oss-for-cloud-shell/extensions/git/dist/main.js:2:200382)
    at D1.<anonymous> (file:///google/devshell/editor/code-oss-for-cloud-shell/out/vs/workbench/api/node/extensionHostProcess.js:108:19996)
    at D1.dispose (file:///google/devshell/editor/code-oss-for-cloud-shell/out/vs/workbench/api/node/extensionHostProcess.js:108:20092)
    at D1.<anonymous> (/google/devshell/editor/code-oss-for-cloud-shell/extensions/git/dist/main.js:2:175994)
    at D1.dispose (file:///google/devshell/editor/code-oss-for-cloud-shell/out/vs/workbench/api/node/extensionHostProcess.js:108:20092)
    at Si (file:///google/devshell/editor/code-oss-for-cloud-shell/out/vs/workbench/api/node/extensionHostProcess.js:24:701)
    at file:///google/devshell/editor/code-oss-for-cloud-shell/out/vs/workbench/api/node/extensionHostProcess.js:118:14995
    at file:///google/devshell/editor/code-oss-for-cloud-shell/out/vs/workbench/api/node/extensionHostProcess.js:24:1011
    at Object.dispose (file:///google/devshell/editor/code-oss-for-cloud-shell/out/vs/workbench/api/node/extensionHostProcess.js:7:2146)
    at dB.eb (file:///google/devshell/editor/code-oss-for-cloud-shell/out/vs/workbench/api/node/extensionHostProcess.js:118:11922)
    at file:///google/devshell/editor/code-oss-for-cloud-shell/out/vs/workbench/api/node/extensionHostProcess.js:118:9877
    at Array.map (<anonymous>)
    at dB.$ (file:///google/devshell/editor/code-oss-for-cloud-shell/out/vs/workbench/api/node/extensionHostProcess.js:118:9865)
    at dB.terminate (file:///google/devshell/editor/code-oss-for-cloud-shell/out/vs/workbench/api/node/extensionHostProcess.js:118:10108)
    at M3.terminate (file:///google/devshell/editor/code-oss-for-cloud-shell/out/vs/workbench/api/node/extensionHostProcess.js:119:1424)
    at ps (file:///google/devshell/editor/code-oss-for-cloud-shell/out/vs/workbench/api/node/extensionHostProcess.js:174:15058)
    at H4.a (file:///google/devshell/editor/code-oss-for-cloud-shell/out/vs/workbench/api/node/extensionHostProcess.js:174:11968)
    at H4.h (file:///google/devshell/editor/code-oss-for-cloud-shell/out/vs/workbench/api/node/extensionHostProcess.js:30:75706)
    at listOnTimeout (node:internal/timers:581:17)
    at processTimers (node:internal/timers:519:7) setContext undefined
2025-02-13 17:33:50.891 [info] Extension host with pid 1234 exiting with code 0
