2025-02-13 15:56:56.698 [info] [main] Log level: Info
2025-02-13 15:56:56.698 [info] [main] Validating found git in: "git"
2025-02-13 15:56:56.698 [info] [main] Using git "2.43.0" from "git"
2025-02-13 15:56:56.698 [info] [Model][doInitialScan] Initial repository scan started
2025-02-13 15:56:56.698 [info] > git rev-parse --show-toplevel [4ms]
2025-02-13 15:56:56.698 [info] fatal: not a git repository (or any parent up to mount point /)
Stopping at filesystem boundary (GIT_DISCOVERY_ACROSS_FILESYSTEM not set).
2025-02-13 15:56:56.698 [info] > git rev-parse --show-toplevel [7ms]
2025-02-13 15:56:56.698 [info] > git rev-parse --git-dir --git-common-dir [11ms]
2025-02-13 15:56:56.698 [info] [Model][openRepository] Opened repository: /home/rahul_chalwadi03/my-app/dev1
2025-02-13 15:56:56.698 [info] > git config --get commit.template [29ms]
2025-02-13 15:56:56.698 [info] > git rev-parse --show-toplevel [28ms]
2025-02-13 15:56:56.698 [info] fatal: not a git repository (or any parent up to mount point /)
Stopping at filesystem boundary (GIT_DISCOVERY_ACROSS_FILESYSTEM not set).
2025-02-13 15:56:56.698 [info] > git rev-parse --show-toplevel [17ms]
2025-02-13 15:56:56.698 [info] fatal: not a git repository (or any parent up to mount point /)
Stopping at filesystem boundary (GIT_DISCOVERY_ACROSS_FILESYSTEM not set).
2025-02-13 15:56:56.698 [info] > git rev-parse --show-toplevel [2ms]
2025-02-13 15:56:56.698 [info] fatal: not a git repository (or any parent up to mount point /)
Stopping at filesystem boundary (GIT_DISCOVERY_ACROSS_FILESYSTEM not set).
2025-02-13 15:56:56.698 [info] > git rev-parse --show-toplevel [1ms]
2025-02-13 15:56:56.698 [info] fatal: not a git repository (or any parent up to mount point /)
Stopping at filesystem boundary (GIT_DISCOVERY_ACROSS_FILESYSTEM not set).
2025-02-13 15:56:56.698 [info] > git for-each-ref --format=%(refname)%00%(upstream:short)%00%(objectname)%00%(upstream:track)%00%(upstream:remotename)%00%(upstream:remoteref) refs/heads/main refs/remotes/main [37ms]
2025-02-13 15:56:56.698 [info] > git rev-parse --show-toplevel [3ms]
2025-02-13 15:56:56.698 [info] fatal: not a git repository (or any parent up to mount point /)
Stopping at filesystem boundary (GIT_DISCOVERY_ACROSS_FILESYSTEM not set).
2025-02-13 15:56:56.698 [info] > git rev-parse --show-toplevel [19ms]
2025-02-13 15:56:56.698 [info] fatal: not a git repository (or any parent up to mount point /)
Stopping at filesystem boundary (GIT_DISCOVERY_ACROSS_FILESYSTEM not set).
2025-02-13 15:56:56.698 [info] > git status -z -uall [15ms]
2025-02-13 15:56:56.698 [info] > git for-each-ref --sort -committerdate --format %(refname) %(objectname) %(*objectname) [9ms]
2025-02-13 15:56:56.698 [info] > git for-each-ref --format=%(refname)%00%(upstream:short)%00%(objectname)%00%(upstream:track)%00%(upstream:remotename)%00%(upstream:remoteref) refs/heads/main refs/remotes/main [12ms]
2025-02-13 15:56:56.698 [info] > git rev-parse --show-toplevel [31ms]
2025-02-13 15:56:56.698 [info] fatal: not a git repository (or any parent up to mount point /)
Stopping at filesystem boundary (GIT_DISCOVERY_ACROSS_FILESYSTEM not set).
2025-02-13 15:56:56.698 [info] > git config --get commit.template [15ms]
2025-02-13 15:56:56.698 [info] > git rev-parse --show-toplevel [5ms]
2025-02-13 15:56:56.698 [info] fatal: not a git repository (or any parent up to mount point /)
Stopping at filesystem boundary (GIT_DISCOVERY_ACROSS_FILESYSTEM not set).
2025-02-13 15:56:56.698 [info] > git config --local branch.main.vscode-merge-base [13ms]
2025-02-13 15:56:56.698 [info] > git for-each-ref --format=%(refname)%00%(upstream:short)%00%(objectname)%00%(upstream:track)%00%(upstream:remotename)%00%(upstream:remoteref) refs/heads/main refs/remotes/main [6ms]
2025-02-13 15:56:56.698 [info] > git for-each-ref --format=%(refname)%00%(upstream:short)%00%(objectname)%00%(upstream:track)%00%(upstream:remotename)%00%(upstream:remoteref) refs/heads/origin/main refs/remotes/origin/main [11ms]
2025-02-13 15:56:56.698 [info] > git merge-base refs/heads/main refs/remotes/origin/main [47ms]
2025-02-13 15:56:56.698 [info] > git rev-parse --show-toplevel [57ms]
2025-02-13 15:56:56.698 [info] fatal: not a git repository (or any parent up to mount point /)
Stopping at filesystem boundary (GIT_DISCOVERY_ACROSS_FILESYSTEM not set).
2025-02-13 15:56:56.698 [info] [Model][doInitialScan] Initial repository scan completed - repositories (1), closed repositories (0), parent repositories (0), unsafe repositories (0)
2025-02-13 15:56:56.698 [info] > git diff --name-status -z --diff-filter=ADMR 11de71f320a9d6f4466a91d5c84afa58a7e929b5...refs/remotes/origin/main [9ms]
2025-02-13 15:56:56.699 [info] > git rev-parse --show-toplevel [3ms]
2025-02-13 15:56:56.699 [info] fatal: not a git repository (or any parent up to mount point /)
Stopping at filesystem boundary (GIT_DISCOVERY_ACROSS_FILESYSTEM not set).
2025-02-13 15:56:56.706 [info] > git status -z -uall [4ms]
2025-02-13 15:56:56.708 [info] > git for-each-ref --sort -committerdate --format %(refname) %(objectname) %(*objectname) [3ms]
2025-02-13 15:56:57.124 [info] > git check-ignore -v -z --stdin [2ms]
2025-02-13 15:56:57.406 [info] > git ls-files --stage -- /home/rahul_chalwadi03/my-app/dev1/app.py [4ms]
2025-02-13 15:56:57.411 [info] > git show --textconv :app.py [13ms]
2025-02-13 15:56:57.413 [info] > git cat-file -s b5723bb9fb9dda24d8ddaa6e12ed738049d08fcb [3ms]
2025-02-13 15:56:57.851 [info] > git rev-parse --show-toplevel [14ms]
2025-02-13 15:56:57.851 [info] fatal: not a git repository (or any parent up to mount point /)
Stopping at filesystem boundary (GIT_DISCOVERY_ACROSS_FILESYSTEM not set).
2025-02-13 15:56:57.858 [info] > git rev-parse --show-toplevel [2ms]
2025-02-13 15:56:57.858 [info] fatal: not a git repository (or any parent up to mount point /)
Stopping at filesystem boundary (GIT_DISCOVERY_ACROSS_FILESYSTEM not set).
2025-02-13 16:00:13.500 [info] > git rev-parse --show-toplevel [1ms]
2025-02-13 16:00:13.508 [info] > git rev-parse --git-dir --git-common-dir [1ms]
2025-02-13 16:00:13.513 [info] [Model][openRepository] Opened repository: /home/rahul_chalwadi03/github-actions-poc
2025-02-13 16:00:13.529 [info] > git config --get commit.template [8ms]
2025-02-13 16:00:13.530 [info] > git for-each-ref --format=%(refname)%00%(upstream:short)%00%(objectname)%00%(upstream:track)%00%(upstream:remotename)%00%(upstream:remoteref) refs/heads/main refs/remotes/main [2ms]
2025-02-13 16:00:13.537 [warning] [Git][revParse] Unable to read file: ENOENT: no such file or directory, open '/home/rahul_chalwadi03/github-actions-poc/.git/refs/remotes/origin/main'
2025-02-13 16:00:13.538 [info] > git rev-parse refs/remotes/origin/main [1ms]
2025-02-13 16:00:13.552 [info] > git status -z -uall [8ms]
2025-02-13 16:00:13.553 [info] > git for-each-ref --sort -committerdate --format %(refname) %(objectname) %(*objectname) [2ms]
2025-02-13 16:00:13.587 [info] > git for-each-ref --format=%(refname)%00%(upstream:short)%00%(objectname)%00%(upstream:track)%00%(upstream:remotename)%00%(upstream:remoteref) refs/heads/main refs/remotes/main [22ms]
2025-02-13 16:00:13.595 [info] > git config --get commit.template [8ms]
2025-02-13 16:00:13.595 [info] > git config --local branch.main.vscode-merge-base [2ms]
2025-02-13 16:00:13.595 [warning] [Git][config] git config failed: Failed to execute git
2025-02-13 16:00:13.611 [info] > git for-each-ref --format=%(refname)%00%(upstream:short)%00%(objectname)%00%(upstream:track)%00%(upstream:remotename)%00%(upstream:remoteref) refs/heads/main refs/remotes/main [4ms]
2025-02-13 16:00:13.611 [info] > git reflog main --grep-reflog=branch: Created from *. [10ms]
2025-02-13 16:00:13.622 [warning] [Git][revParse] Unable to read file: ENOENT: no such file or directory, open '/home/rahul_chalwadi03/github-actions-poc/.git/refs/remotes/origin/main'
2025-02-13 16:00:13.623 [info] > git symbolic-ref --short refs/remotes/origin/HEAD [7ms]
2025-02-13 16:00:13.631 [info] > git rev-parse refs/remotes/origin/main [9ms]
2025-02-13 16:00:13.646 [info] > git status -z -uall [9ms]
2025-02-13 16:00:13.646 [info] > git for-each-ref --format=%(refname)%00%(upstream:short)%00%(objectname)%00%(upstream:track)%00%(upstream:remotename)%00%(upstream:remoteref) refs/heads/origin/main refs/remotes/origin/main [18ms]
2025-02-13 16:00:13.655 [info] > git config --local branch.main.vscode-merge-base origin/main [2ms]
2025-02-13 16:00:13.656 [info] > git for-each-ref --sort -committerdate --format %(refname) %(objectname) %(*objectname) [13ms] (cancelled)
2025-02-13 16:00:13.670 [info] > git for-each-ref --format=%(refname)%00%(upstream:short)%00%(objectname)%00%(upstream:track)%00%(upstream:remotename)%00%(upstream:remoteref) refs/heads/main refs/remotes/main [8ms]
2025-02-13 16:00:13.678 [info] > git config --get commit.template [9ms]
2025-02-13 16:00:13.684 [info] > git config --local branch.main.vscode-merge-base [7ms]
2025-02-13 16:00:13.692 [info] > git for-each-ref --format=%(refname)%00%(upstream:short)%00%(objectname)%00%(upstream:track)%00%(upstream:remotename)%00%(upstream:remoteref) refs/heads/main refs/remotes/main [9ms]
2025-02-13 16:00:13.699 [warning] [Git][revParse] Unable to read file: ENOENT: no such file or directory, open '/home/rahul_chalwadi03/github-actions-poc/.git/refs/remotes/origin/main'
2025-02-13 16:00:13.702 [info] > git for-each-ref --format=%(refname)%00%(upstream:short)%00%(objectname)%00%(upstream:track)%00%(upstream:remotename)%00%(upstream:remoteref) refs/heads/origin/main refs/remotes/origin/main [10ms]
2025-02-13 16:00:13.711 [info] > git rev-parse refs/remotes/origin/main [13ms]
2025-02-13 16:00:13.725 [info] > git status -z -uall [8ms]
2025-02-13 16:00:13.726 [info] > git merge-base refs/heads/main refs/remotes/origin/main [17ms]
2025-02-13 16:00:13.735 [info] > git for-each-ref --sort -committerdate --format %(refname) %(objectname) %(*objectname) [11ms]
2025-02-13 16:00:13.752 [info] > git merge-base refs/heads/main refs/remotes/origin/main [9ms]
2025-02-13 16:00:13.759 [info] > git diff --name-status -z --diff-filter=ADMR 52f8a635fadbf09edbb65cca499819bb1e46b089...refs/remotes/origin/main [25ms]
2025-02-13 16:00:13.761 [info] > git merge-base refs/heads/main refs/remotes/origin/main [10ms]
2025-02-13 16:00:13.767 [info] > git diff --name-status -z --diff-filter=ADMR 52f8a635fadbf09edbb65cca499819bb1e46b089...refs/remotes/origin/main [8ms]
2025-02-13 16:00:13.769 [info] > git diff --name-status -z --diff-filter=ADMR 52f8a635fadbf09edbb65cca499819bb1e46b089...refs/remotes/origin/main [2ms]
2025-02-13 16:00:14.159 [info] > git check-ignore -v -z --stdin [8ms]
2025-02-13 16:00:14.159 [info] > git check-ignore -v -z --stdin [2ms]
2025-02-13 16:00:48.938 [info] > git show --textconv :README.md [8ms]
2025-02-13 16:00:48.940 [info] > git ls-files --stage -- /home/rahul_chalwadi03/github-actions-poc/README.md [3ms]
2025-02-13 16:00:48.948 [info] > git cat-file -s a884b9e10fb3e79e37e9db1313db7df214c336b0 [2ms]
2025-02-13 16:03:11.799 [info] > git config --get commit.template [7ms]
2025-02-13 16:03:11.800 [info] > git for-each-ref --format=%(refname)%00%(upstream:short)%00%(objectname)%00%(upstream:track)%00%(upstream:remotename)%00%(upstream:remoteref) refs/heads/main refs/remotes/main [2ms]
2025-02-13 16:03:11.816 [info] > git status -z -uall [8ms]
2025-02-13 16:03:11.817 [info] > git for-each-ref --sort -committerdate --format %(refname) %(objectname) %(*objectname) [2ms]
2025-02-13 16:03:11.832 [info] > git merge-base refs/heads/main refs/remotes/origin/main [2ms]
2025-02-13 16:03:11.842 [info] > git diff --name-status -z --diff-filter=ADMR b60456cf70f41d06eac2d9ac1cf9fe6c79405233...refs/remotes/origin/main [2ms]
2025-02-13 16:03:11.945 [info] > git ls-files --stage -- /home/rahul_chalwadi03/github-actions-poc/README.md [2ms]
2025-02-13 16:03:11.954 [info] > git cat-file -s a884b9e10fb3e79e37e9db1313db7df214c336b0 [2ms]
2025-02-13 16:03:12.050 [info] > git show --textconv :README.md [2ms]
2025-02-13 16:05:53.984 [info] > git config --get commit.template [7ms]
2025-02-13 16:05:53.985 [info] > git for-each-ref --format=%(refname)%00%(upstream:short)%00%(objectname)%00%(upstream:track)%00%(upstream:remotename)%00%(upstream:remoteref) refs/heads/main refs/remotes/main [2ms]
2025-02-13 16:05:54.000 [info] > git status -z -uall [8ms]
2025-02-13 16:05:54.002 [info] > git for-each-ref --sort -committerdate --format %(refname) %(objectname) %(*objectname) [2ms]
2025-02-13 16:05:54.098 [info] > git check-ignore -v -z --stdin [2ms]
2025-02-13 16:07:11.255 [info] > git config --get commit.template [8ms]
2025-02-13 16:07:11.256 [info] > git for-each-ref --format=%(refname)%00%(upstream:short)%00%(objectname)%00%(upstream:track)%00%(upstream:remotename)%00%(upstream:remoteref) refs/heads/main refs/remotes/main [2ms]
2025-02-13 16:07:11.272 [info] > git status -z -uall [8ms]
2025-02-13 16:07:11.273 [info] > git for-each-ref --sort -committerdate --format %(refname) %(objectname) %(*objectname) [2ms]
2025-02-13 16:07:16.292 [info] > git config --get commit.template [8ms]
2025-02-13 16:07:16.293 [info] > git for-each-ref --format=%(refname)%00%(upstream:short)%00%(objectname)%00%(upstream:track)%00%(upstream:remotename)%00%(upstream:remoteref) refs/heads/main refs/remotes/main [2ms]
2025-02-13 16:07:16.310 [info] > git status -z -uall [10ms]
2025-02-13 16:07:16.310 [info] > git for-each-ref --sort -committerdate --format %(refname) %(objectname) %(*objectname) [3ms]
2025-02-13 16:15:29.287 [info] > git config --get commit.template [10ms]
2025-02-13 16:15:29.287 [info] > git for-each-ref --format=%(refname)%00%(upstream:short)%00%(objectname)%00%(upstream:track)%00%(upstream:remotename)%00%(upstream:remoteref) refs/heads/main refs/remotes/main [3ms]
2025-02-13 16:15:29.304 [info] > git status -z -uall [9ms]
2025-02-13 16:15:29.306 [info] > git for-each-ref --sort -committerdate --format %(refname) %(objectname) %(*objectname) [2ms]
2025-02-13 16:15:29.732 [info] > git check-ignore -v -z --stdin [2ms]
2025-02-13 16:15:34.325 [info] > git config --get commit.template [8ms]
2025-02-13 16:15:34.326 [info] > git for-each-ref --format=%(refname)%00%(upstream:short)%00%(objectname)%00%(upstream:track)%00%(upstream:remotename)%00%(upstream:remoteref) refs/heads/main refs/remotes/main [2ms]
2025-02-13 16:15:34.344 [info] > git status -z -uall [10ms]
2025-02-13 16:15:34.345 [info] > git for-each-ref --sort -committerdate --format %(refname) %(objectname) %(*objectname) [3ms]
2025-02-13 16:15:41.797 [info] > git check-ignore -v -z --stdin [3ms]
2025-02-13 16:16:10.612 [info] > git show --textconv :cloud-run-cicd/package.json [12ms]
2025-02-13 16:16:10.612 [info] > git ls-files --stage -- /home/rahul_chalwadi03/github-actions-poc/cloud-run-cicd/package.json [5ms]
2025-02-13 16:16:12.144 [info] > git config --get commit.template [8ms]
2025-02-13 16:16:12.145 [info] > git for-each-ref --format=%(refname)%00%(upstream:short)%00%(objectname)%00%(upstream:track)%00%(upstream:remotename)%00%(upstream:remoteref) refs/heads/main refs/remotes/main [2ms]
2025-02-13 16:16:12.168 [info] > git status -z -uall [15ms]
2025-02-13 16:16:12.170 [info] > git for-each-ref --sort -committerdate --format %(refname) %(objectname) %(*objectname) [11ms]
2025-02-13 16:16:12.317 [info] > git check-ignore -v -z --stdin [1ms]
2025-02-13 16:16:19.316 [info] > git show --textconv :cloud-run-cicd/package-lock.json [8ms]
2025-02-13 16:16:19.317 [info] > git ls-files --stage -- /home/rahul_chalwadi03/github-actions-poc/cloud-run-cicd/package-lock.json [2ms]
2025-02-13 16:16:32.238 [info] > git show --textconv :cloud-run-cicd/index.js [15ms]
2025-02-13 16:16:32.238 [info] > git ls-files --stage -- /home/rahul_chalwadi03/github-actions-poc/cloud-run-cicd/index.js [9ms]
2025-02-13 16:16:32.240 [info] > git check-ignore -v -z --stdin [2ms]
2025-02-13 16:16:32.837 [info] > git config --get commit.template [26ms]
2025-02-13 16:16:32.842 [info] > git for-each-ref --format=%(refname)%00%(upstream:short)%00%(objectname)%00%(upstream:track)%00%(upstream:remotename)%00%(upstream:remoteref) refs/heads/main refs/remotes/main [5ms]
2025-02-13 16:16:32.897 [info] > git status -z -uall [36ms]
2025-02-13 16:16:32.902 [info] > git for-each-ref --sort -committerdate --format %(refname) %(objectname) %(*objectname) [6ms]
2025-02-13 16:16:45.115 [info] > git config --get commit.template [8ms]
2025-02-13 16:16:45.116 [info] > git for-each-ref --format=%(refname)%00%(upstream:short)%00%(objectname)%00%(upstream:track)%00%(upstream:remotename)%00%(upstream:remoteref) refs/heads/main refs/remotes/main [2ms]
2025-02-13 16:16:45.132 [info] > git status -z -uall [9ms]
2025-02-13 16:16:45.132 [info] > git for-each-ref --sort -committerdate --format %(refname) %(objectname) %(*objectname) [3ms]
2025-02-13 16:16:58.547 [info] > git check-ignore -v -z --stdin [2ms]
2025-02-13 16:16:58.754 [info] > git config --get commit.template [2ms]
2025-02-13 16:16:58.763 [info] > git for-each-ref --format=%(refname)%00%(upstream:short)%00%(objectname)%00%(upstream:track)%00%(upstream:remotename)%00%(upstream:remoteref) refs/heads/main refs/remotes/main [2ms]
2025-02-13 16:16:58.778 [info] > git status -z -uall [8ms]
2025-02-13 16:16:58.783 [info] > git for-each-ref --sort -committerdate --format %(refname) %(objectname) %(*objectname) [6ms]
2025-02-13 16:17:22.529 [info] > git check-ignore -v -z --stdin [2ms]
2025-02-13 16:17:35.574 [info] > git show --textconv :cloud-run-cicd/Dockerfile [9ms]
2025-02-13 16:17:35.577 [info] > git ls-files --stage -- /home/rahul_chalwadi03/github-actions-poc/cloud-run-cicd/Dockerfile [3ms]
2025-02-13 16:17:35.651 [info] > git check-ignore -v -z --stdin [2ms]
2025-02-13 16:17:41.947 [info] > git config --get commit.template [8ms]
2025-02-13 16:17:41.949 [info] > git for-each-ref --format=%(refname)%00%(upstream:short)%00%(objectname)%00%(upstream:track)%00%(upstream:remotename)%00%(upstream:remoteref) refs/heads/main refs/remotes/main [3ms]
2025-02-13 16:17:41.966 [info] > git status -z -uall [10ms]
2025-02-13 16:17:41.970 [info] > git for-each-ref --sort -committerdate --format %(refname) %(objectname) %(*objectname) [7ms]
2025-02-13 16:18:15.733 [info] > git config --get commit.template [8ms]
2025-02-13 16:18:15.734 [info] > git for-each-ref --format=%(refname)%00%(upstream:short)%00%(objectname)%00%(upstream:track)%00%(upstream:remotename)%00%(upstream:remoteref) refs/heads/main refs/remotes/main [2ms]
2025-02-13 16:18:15.749 [info] > git status -z -uall [8ms]
2025-02-13 16:18:15.755 [info] > git for-each-ref --sort -committerdate --format %(refname) %(objectname) %(*objectname) [8ms]
2025-02-13 16:24:15.259 [info] > git check-ignore -v -z --stdin [1ms]
2025-02-13 16:24:15.928 [info] > git config --get commit.template [3ms]
2025-02-13 16:24:15.936 [info] > git for-each-ref --format=%(refname)%00%(upstream:short)%00%(objectname)%00%(upstream:track)%00%(upstream:remotename)%00%(upstream:remoteref) refs/heads/main refs/remotes/main [2ms]
2025-02-13 16:24:15.951 [info] > git status -z -uall [8ms]
2025-02-13 16:24:15.952 [info] > git for-each-ref --sort -committerdate --format %(refname) %(objectname) %(*objectname) [2ms]
2025-02-13 16:30:22.381 [info] > git check-ignore -v -z --stdin [2ms]
2025-02-13 16:30:25.995 [info] > git config --get commit.template [8ms]
2025-02-13 16:30:25.996 [info] > git for-each-ref --format=%(refname)%00%(upstream:short)%00%(objectname)%00%(upstream:track)%00%(upstream:remotename)%00%(upstream:remoteref) refs/heads/main refs/remotes/main [2ms]
2025-02-13 16:30:26.013 [info] > git for-each-ref --sort -committerdate --format %(refname) %(objectname) %(*objectname) [3ms]
2025-02-13 16:30:26.026 [info] > git status -z -uall [23ms]
2025-02-13 16:30:26.037 [info] > git merge-base refs/heads/main refs/remotes/origin/main [2ms]
2025-02-13 16:30:26.047 [info] > git diff --name-status -z --diff-filter=ADMR 912c3a17c62178287779b8275e46cf4a604a2eee...refs/remotes/origin/main [2ms]
2025-02-13 16:30:26.064 [info] > git ls-files --stage -- /home/rahul_chalwadi03/github-actions-poc/cloud-run-cicd/Dockerfile [2ms]
2025-02-13 16:30:26.151 [info] > git show --textconv :cloud-run-cicd/Dockerfile [2ms]
2025-02-13 16:30:49.097 [info] > git config --get commit.template [2ms]
2025-02-13 16:30:49.106 [info] > git for-each-ref --format=%(refname)%00%(upstream:short)%00%(objectname)%00%(upstream:track)%00%(upstream:remotename)%00%(upstream:remoteref) refs/heads/main refs/remotes/main [2ms]
2025-02-13 16:30:49.121 [info] > git status -z -uall [8ms]
2025-02-13 16:30:49.123 [info] > git for-each-ref --sort -committerdate --format %(refname) %(objectname) %(*objectname) [2ms]
2025-02-13 16:30:49.134 [info] > git merge-base refs/heads/main refs/remotes/origin/main [2ms]
2025-02-13 16:30:49.144 [info] > git diff --name-status -z --diff-filter=ADMR fa731a1ff5d6a4a462db01bdbd212e240b6e4234...refs/remotes/origin/main [2ms]
2025-02-13 16:30:49.271 [info] > git ls-files --stage -- /home/rahul_chalwadi03/github-actions-poc/cloud-run-cicd/Dockerfile [2ms]
2025-02-13 16:30:49.358 [info] > git show --textconv :cloud-run-cicd/Dockerfile [2ms]
2025-02-13 16:37:00.579 [info] > git show --textconv :package.json [9ms]
2025-02-13 16:37:00.580 [info] > git ls-files --stage -- /home/rahul_chalwadi03/github-actions-poc/package.json [2ms]
2025-02-13 16:37:00.591 [info] > git cat-file -s 85a9c6208ea27918bb45c46e543de032e4fa6a40 [3ms]
2025-02-13 16:37:02.562 [info] > git config --get commit.template [7ms]
2025-02-13 16:37:02.563 [info] > git for-each-ref --format=%(refname)%00%(upstream:short)%00%(objectname)%00%(upstream:track)%00%(upstream:remotename)%00%(upstream:remoteref) refs/heads/main refs/remotes/main [2ms]
2025-02-13 16:37:02.579 [info] > git status -z -uall [10ms]
2025-02-13 16:37:02.579 [info] > git for-each-ref --sort -committerdate --format %(refname) %(objectname) %(*objectname) [3ms]
2025-02-13 16:37:36.802 [info] > git show --textconv :package-lock.json [8ms]
2025-02-13 16:37:36.803 [info] > git ls-files --stage -- /home/rahul_chalwadi03/github-actions-poc/package-lock.json [2ms]
2025-02-13 16:37:36.812 [info] > git cat-file -s 72b17e41c604d000eeb6830c690026dc9849b339 [2ms]
2025-02-13 16:37:40.916 [info] > git show --textconv :package.json [9ms]
2025-02-13 16:37:40.917 [info] > git ls-files --stage -- /home/rahul_chalwadi03/github-actions-poc/package.json [2ms]
2025-02-13 16:37:40.927 [info] > git cat-file -s 85a9c6208ea27918bb45c46e543de032e4fa6a40 [3ms]
2025-02-13 16:37:42.377 [info] > git config --get commit.template [8ms]
2025-02-13 16:37:42.378 [info] > git for-each-ref --format=%(refname)%00%(upstream:short)%00%(objectname)%00%(upstream:track)%00%(upstream:remotename)%00%(upstream:remoteref) refs/heads/main refs/remotes/main [2ms]
2025-02-13 16:37:42.393 [info] > git status -z -uall [8ms]
2025-02-13 16:37:42.395 [info] > git for-each-ref --sort -committerdate --format %(refname) %(objectname) %(*objectname) [3ms]
2025-02-13 16:38:07.163 [info] > git config --get commit.template [8ms]
2025-02-13 16:38:07.164 [info] > git for-each-ref --format=%(refname)%00%(upstream:short)%00%(objectname)%00%(upstream:track)%00%(upstream:remotename)%00%(upstream:remoteref) refs/heads/main refs/remotes/main [2ms]
2025-02-13 16:38:07.179 [info] > git status -z -uall [7ms]
2025-02-13 16:38:07.180 [info] > git for-each-ref --sort -committerdate --format %(refname) %(objectname) %(*objectname) [2ms]
2025-02-13 16:38:26.032 [info] > git config --get commit.template [11ms]
2025-02-13 16:38:26.034 [info] > git for-each-ref --format=%(refname)%00%(upstream:short)%00%(objectname)%00%(upstream:track)%00%(upstream:remotename)%00%(upstream:remoteref) refs/heads/main refs/remotes/main [2ms]
2025-02-13 16:38:26.050 [info] > git status -z -uall [8ms]
2025-02-13 16:38:26.052 [info] > git for-each-ref --sort -committerdate --format %(refname) %(objectname) %(*objectname) [3ms]
2025-02-13 17:15:30.922 [info] > git show --textconv :key.json [8ms]
2025-02-13 17:15:30.923 [info] > git ls-files --stage -- /home/rahul_chalwadi03/github-actions-poc/key.json [2ms]
2025-02-13 17:22:19.137 [info] > git check-ignore -v -z --stdin [3ms]
