2025-02-11 05:24:36.805 [info] [main] Log level: Info
2025-02-11 05:24:36.805 [info] [main] Validating found git in: "git"
2025-02-11 05:24:36.805 [info] [main] Using git "2.43.0" from "git"
2025-02-11 05:24:36.805 [info] [Model][doInitialScan] Initial repository scan started
2025-02-11 05:24:36.805 [info] > git rev-parse --show-toplevel [4ms]
2025-02-11 05:24:36.805 [info] fatal: not a git repository (or any parent up to mount point /)
Stopping at filesystem boundary (GIT_DISCOVERY_ACROSS_FILESYSTEM not set).
2025-02-11 05:24:36.805 [info] > git rev-parse --show-toplevel [2ms]
2025-02-11 05:24:36.805 [info] fatal: not a git repository (or any parent up to mount point /)
Stopping at filesystem boundary (GIT_DISCOVERY_ACROSS_FILESYSTEM not set).
2025-02-11 05:24:36.805 [info] > git rev-parse --show-toplevel [1ms]
2025-02-11 05:24:36.805 [info] fatal: not a git repository (or any parent up to mount point /)
Stopping at filesystem boundary (GIT_DISCOVERY_ACROSS_FILESYSTEM not set).
2025-02-11 05:24:36.805 [info] > git rev-parse --show-toplevel [2ms]
2025-02-11 05:24:36.805 [info] fatal: not a git repository (or any parent up to mount point /)
Stopping at filesystem boundary (GIT_DISCOVERY_ACROSS_FILESYSTEM not set).
2025-02-11 05:24:36.805 [info] > git rev-parse --show-toplevel [2ms]
2025-02-11 05:24:36.805 [info] fatal: not a git repository (or any parent up to mount point /)
Stopping at filesystem boundary (GIT_DISCOVERY_ACROSS_FILESYSTEM not set).
2025-02-11 05:24:36.805 [info] > git rev-parse --show-toplevel [0ms]
2025-02-11 05:24:36.805 [info] fatal: not a git repository (or any parent up to mount point /)
Stopping at filesystem boundary (GIT_DISCOVERY_ACROSS_FILESYSTEM not set).
2025-02-11 05:24:36.805 [info] > git rev-parse --show-toplevel [1ms]
2025-02-11 05:24:36.805 [info] fatal: not a git repository (or any parent up to mount point /)
Stopping at filesystem boundary (GIT_DISCOVERY_ACROSS_FILESYSTEM not set).
2025-02-11 05:24:36.805 [info] > git rev-parse --show-toplevel [2ms]
2025-02-11 05:24:36.805 [info] fatal: not a git repository (or any parent up to mount point /)
Stopping at filesystem boundary (GIT_DISCOVERY_ACROSS_FILESYSTEM not set).
2025-02-11 05:24:36.805 [info] > git rev-parse --show-toplevel [2ms]
2025-02-11 05:24:36.805 [info] fatal: not a git repository (or any parent up to mount point /)
Stopping at filesystem boundary (GIT_DISCOVERY_ACROSS_FILESYSTEM not set).
2025-02-11 05:24:36.805 [info] > git rev-parse --show-toplevel [1ms]
2025-02-11 05:24:36.805 [info] fatal: not a git repository (or any parent up to mount point /)
Stopping at filesystem boundary (GIT_DISCOVERY_ACROSS_FILESYSTEM not set).
2025-02-11 05:24:36.805 [info] > git rev-parse --show-toplevel [1ms]
2025-02-11 05:24:36.805 [info] fatal: not a git repository (or any parent up to mount point /)
Stopping at filesystem boundary (GIT_DISCOVERY_ACROSS_FILESYSTEM not set).
2025-02-11 05:24:36.805 [info] > git rev-parse --show-toplevel [2ms]
2025-02-11 05:24:36.805 [info] fatal: not a git repository (or any parent up to mount point /)
Stopping at filesystem boundary (GIT_DISCOVERY_ACROSS_FILESYSTEM not set).
2025-02-11 05:24:36.805 [info] > git rev-parse --show-toplevel [1ms]
2025-02-11 05:24:36.805 [info] fatal: not a git repository (or any parent up to mount point /)
Stopping at filesystem boundary (GIT_DISCOVERY_ACROSS_FILESYSTEM not set).
2025-02-11 05:24:36.805 [info] [Model][doInitialScan] Initial repository scan completed - repositories (0), closed repositories (0), parent repositories (0), unsafe repositories (0)
2025-02-11 05:24:38.359 [info] > git rev-parse --show-toplevel [15ms]
2025-02-11 05:24:38.359 [info] fatal: not a git repository (or any parent up to mount point /)
Stopping at filesystem boundary (GIT_DISCOVERY_ACROSS_FILESYSTEM not set).
2025-02-11 05:26:19.037 [info] > git rev-parse --show-toplevel [4ms]
2025-02-11 05:26:19.037 [info] fatal: not a git repository (or any parent up to mount point /)
Stopping at filesystem boundary (GIT_DISCOVERY_ACROSS_FILESYSTEM not set).
