2025-02-12 12:56:49.525 [info] Extension host with pid 8292 started
2025-02-12 12:56:49.525 [error] Error: EEXIST: file already exists, open '/home/rahul_chalwadi03/.codeoss/data/User/workspaceStorage/-23fbf1f5/vscode.lock'
2025-02-12 12:56:49.539 [info] Lock '/home/rahul_chalwadi03/.codeoss/data/User/workspaceStorage/-23fbf1f5/vscode.lock': Could not acquire lock, checking if the file is stale.
2025-02-12 12:56:49.546 [info] Lock '/home/rahul_chalwadi03/.codeoss/data/User/workspaceStorage/-23fbf1f5/vscode.lock': The lock does not look stale, elapsed: 640 ms, giving up.
2025-02-12 12:56:49.552 [error] Error: EEXIST: file already exists, open '/home/rahul_chalwadi03/.codeoss/data/User/workspaceStorage/-23fbf1f5-1/vscode.lock'
2025-02-12 12:56:49.605 [info] Lock '/home/rahul_chalwadi03/.codeoss/data/User/workspaceStorage/-23fbf1f5-1/vscode.lock': Could not acquire lock, checking if the file is stale.
2025-02-12 12:56:49.606 [info] Lock '/home/rahul_chalwadi03/.codeoss/data/User/workspaceStorage/-23fbf1f5-1/vscode.lock': The lock looks stale, waiting for 2s.
2025-02-12 12:56:49.685 [info] ExtensionService#_doActivateExtension vscode.emmet, startup: false, activationEvent: 'onLanguage'
2025-02-12 12:56:50.687 [info] ExtensionService#_doActivateExtension vscode.git-base, startup: true, activationEvent: '*', root cause: vscode.git
2025-02-12 12:56:51.072 [info] ExtensionService#_doActivateExtension redhat.fabric8-analytics, startup: true, activationEvent: 'workspaceContains:**/package.json,**/pom.xml,**/go.mod,**/requirements.txt,**/build.gradle,**/Dockerfile,**/Containerfile'
2025-02-12 12:56:51.607 [info] Lock '/home/rahul_chalwadi03/.codeoss/data/User/workspaceStorage/-23fbf1f5-1/vscode.lock': The lock looks stale even after waiting for 2s.
2025-02-12 12:56:51.607 [info] Lock '/home/rahul_chalwadi03/.codeoss/data/User/workspaceStorage/-23fbf1f5-1/vscode.lock': Deleting a stale lock.
2025-02-12 12:56:51.614 [info] Lock '/home/rahul_chalwadi03/.codeoss/data/User/workspaceStorage/-23fbf1f5-1/vscode.lock': Lock acquired.
2025-02-12 12:56:51.755 [info] ExtensionService#_doActivateExtension vscode.git, startup: true, activationEvent: '*'
2025-02-12 12:56:51.755 [info] ExtensionService#_doActivateExtension vscode.github, startup: true, activationEvent: '*'
2025-02-12 12:56:52.029 [info] Eager extensions activated
2025-02-12 12:56:52.029 [info] ExtensionService#_doActivateExtension EditorConfig.EditorConfig, startup: false, activationEvent: 'onStartupFinished'
2025-02-12 12:56:52.030 [info] ExtensionService#_doActivateExtension google.cloud-shell, startup: false, activationEvent: 'onStartupFinished'
2025-02-12 12:56:52.030 [info] ExtensionService#_doActivateExtension google.geminicodeassist, startup: false, activationEvent: 'onStartupFinished', root cause: googlecloudtools.cloudcode
2025-02-12 12:56:52.031 [info] ExtensionService#_doActivateExtension vscode.debug-auto-launch, startup: false, activationEvent: 'onStartupFinished'
2025-02-12 12:56:52.031 [info] ExtensionService#_doActivateExtension vscode.merge-conflict, startup: false, activationEvent: 'onStartupFinished'
2025-02-12 12:56:53.430 [info] ExtensionService#_doActivateExtension vscode.github-authentication, startup: false, activationEvent: 'onAuthenticationRequest:github'
2025-02-12 12:56:53.512 [info] ExtensionService#_doActivateExtension googlecloudtools.cloudcode, startup: false, activationEvent: 'onStartupFinished'
2025-02-12 12:56:55.614 [info] ExtensionService#_doActivateExtension vscode.configuration-editing, startup: false, activationEvent: 'onLanguage:jsonc'
2025-02-12 12:56:55.614 [info] ExtensionService#_doActivateExtension vscode.json-language-features, startup: false, activationEvent: 'onLanguage:jsonc'
2025-02-12 12:56:55.615 [info] ExtensionService#_doActivateExtension vscode.typescript-language-features, startup: false, activationEvent: 'onLanguage:jsonc'
