0 verbose cli /usr/local/nvm/versions/node/v22.13.1/bin/node /usr/local/nvm/versions/node/v22.13.1/bin/npm
1 info using npm@11.0.0
2 info using node@v22.13.1
3 silly config load:file:/usr/local/nvm/versions/node/v22.13.1/lib/node_modules/npm/npmrc
4 silly config load:file:/home/rahul_chalwadi03/github-actions-poc/.npmrc
5 silly config load:file:/home/rahul_chalwadi03/.npmrc
6 silly config load:file:/home/rahul_chalwadi03/github-actions-poc/etc/npmrc
7 verbose title npm ls
8 verbose argv "ls" "--omit" "dev" "--package-lock-only" "--json" "--prefix" "/home/rahul_chalwadi03/github-actions-poc"
9 verbose logfile logs-max:10 dir:/home/rahul_chalwadi03/.npm/_logs/2025-02-14T09_02_09_295Z-
10 verbose logfile /home/rahul_chalwadi03/.npm/_logs/2025-02-14T09_02_09_295Z-debug-0.log
11 silly logfile start cleaning logs, removing 1 files
12 silly logfile done cleaning log files
13 silly packumentCache heap:4345298944 maxSize:1086324736 maxEntrySize:543162368
14 verbose cwd /home/rahul_chalwadi03
15 verbose os Linux 6.1.124+
16 verbose node v22.13.1
17 verbose npm  v11.0.0
18 verbose exit 0
19 info ok
