2025-02-13 15:56:57.387 [info] Reading sessions from keychain...
2025-02-13 15:56:57.387 [info] Getting sessions for all scopes...
2025-02-13 15:56:57.387 [info] Got 0 sessions for ...
2025-02-13 15:56:57.782 [info] Getting sessions for read:user,repo,user:email,workflow...
2025-02-13 15:56:57.810 [info] Got 0 sessions for read:user,repo,user:email,workflow...
2025-02-13 16:00:13.823 [info] Getting sessions for read:user,repo,user:email,workflow...
2025-02-13 16:00:13.823 [info] Got 0 sessions for read:user,repo,user:email,workflow...
2025-02-13 16:02:11.301 [info] Getting sessions for read:user,repo,user:email,workflow...
2025-02-13 16:02:11.301 [info] Got 0 sessions for read:user,repo,user:email,workflow...
2025-02-13 16:02:13.160 [info] Logging in with 'any' account...
2025-02-13 16:02:13.160 [info] Logging in for the following scopes: read:user repo user:email workflow
2025-02-13 16:02:13.320 [info] Trying device code flow... (read:user repo user:email workflow)
2025-02-13 16:02:56.059 [info] Getting user info...
2025-02-13 16:02:56.495 [info] Got account info!
2025-02-13 16:02:56.496 [info] Storing 1 sessions...
2025-02-13 16:02:56.575 [info] Reading sessions from keychain...
2025-02-13 16:02:56.575 [info] Stored 1 sessions!
2025-02-13 16:02:56.575 [info] Login success!
2025-02-13 16:02:56.657 [info] Got stored sessions!
2025-02-13 16:02:56.657 [info] Got 1 verified sessions.
2025-02-13 16:02:58.267 [info] Getting sessions for read:user,repo,user:email,workflow...
2025-02-13 16:02:58.267 [info] Got 1 sessions for read:user,repo,user:email,workflow...
2025-02-13 16:18:29.533 [info] Getting sessions for read:user,repo,user:email,workflow...
2025-02-13 16:18:29.533 [info] Got 1 sessions for read:user,repo,user:email,workflow...
2025-02-13 16:21:39.807 [info] Getting sessions for read:user,repo,user:email,workflow...
2025-02-13 16:21:39.808 [info] Got 1 sessions for read:user,repo,user:email,workflow...
2025-02-13 16:21:57.171 [info] Getting sessions for read:user,repo,user:email,workflow...
2025-02-13 16:21:57.171 [info] Got 1 sessions for read:user,repo,user:email,workflow...
2025-02-13 16:23:36.535 [info] Getting sessions for read:user,repo,user:email,workflow...
2025-02-13 16:23:36.535 [info] Got 1 sessions for read:user,repo,user:email,workflow...
2025-02-13 16:24:40.860 [info] Getting sessions for read:user,repo,user:email,workflow...
2025-02-13 16:24:40.861 [info] Got 1 sessions for read:user,repo,user:email,workflow...
2025-02-13 16:29:56.821 [info] Getting sessions for read:user,repo,user:email,workflow...
2025-02-13 16:29:56.821 [info] Got 1 sessions for read:user,repo,user:email,workflow...
2025-02-13 16:30:46.752 [info] Getting sessions for read:user,repo,user:email,workflow...
2025-02-13 16:30:46.752 [info] Got 1 sessions for read:user,repo,user:email,workflow...
2025-02-13 16:39:57.982 [info] Getting sessions for read:user,repo,user:email,workflow...
2025-02-13 16:39:57.982 [info] Got 1 sessions for read:user,repo,user:email,workflow...
2025-02-13 16:41:11.478 [info] Getting sessions for read:user,repo,user:email,workflow...
2025-02-13 16:41:11.479 [info] Got 1 sessions for read:user,repo,user:email,workflow...
2025-02-13 16:47:21.408 [info] Getting sessions for read:user,repo,user:email,workflow...
2025-02-13 16:47:21.408 [info] Got 1 sessions for read:user,repo,user:email,workflow...
