2025-02-12 10:50:40.557 [info] Reading sessions from keychain...
2025-02-12 10:50:40.557 [info] Getting sessions for all scopes...
2025-02-12 10:50:40.557 [info] Got 0 sessions for ...
2025-02-12 10:50:40.666 [info] Getting sessions for read:user,repo,user:email,workflow...
2025-02-12 10:50:40.666 [info] Got 0 sessions for read:user,repo,user:email,workflow...
2025-02-12 10:50:42.660 [info] Logging in with 'any' account...
2025-02-12 10:50:42.660 [info] Logging in for the following scopes: read:user repo user:email workflow
2025-02-12 10:50:42.945 [info] Trying device code flow... (read:user repo user:email workflow)
2025-02-12 10:51:33.158 [info] Getting user info...
2025-02-12 10:51:33.642 [info] Got account info!
2025-02-12 10:51:33.642 [info] Storing 1 sessions...
2025-02-12 10:51:33.722 [info] Reading sessions from keychain...
2025-02-12 10:51:33.722 [info] Stored 1 sessions!
2025-02-12 10:51:33.722 [info] Login success!
2025-02-12 10:51:33.835 [info] Got stored sessions!
2025-02-12 10:51:33.836 [info] Got 1 verified sessions.
2025-02-12 10:51:55.135 [info] Getting sessions for read:user,repo,user:email,workflow...
2025-02-12 10:51:55.135 [info] Got 1 sessions for read:user,repo,user:email,workflow...
2025-02-12 10:51:55.814 [info] Getting sessions for read:user,repo,user:email,workflow...
2025-02-12 10:51:55.814 [info] Got 1 sessions for read:user,repo,user:email,workflow...
2025-02-12 10:56:32.825 [info] Getting sessions for read:user,repo,user:email,workflow...
2025-02-12 10:56:32.825 [info] Got 1 sessions for read:user,repo,user:email,workflow...
2025-02-12 10:58:26.839 [info] Getting sessions for read:user,repo,user:email,workflow...
2025-02-12 10:58:26.839 [info] Got 1 sessions for read:user,repo,user:email,workflow...
2025-02-12 11:28:35.275 [info] Getting sessions for read:user,repo,user:email,workflow...
2025-02-12 11:28:35.275 [info] Got 1 sessions for read:user,repo,user:email,workflow...
2025-02-12 11:40:13.293 [info] Getting sessions for read:user,repo,user:email,workflow...
2025-02-12 11:40:13.293 [info] Got 1 sessions for read:user,repo,user:email,workflow...
2025-02-12 12:13:20.849 [info] Getting sessions for read:user,repo,user:email,workflow...
2025-02-12 12:13:20.850 [info] Got 1 sessions for read:user,repo,user:email,workflow...
