2025-02-10 06:15:37.099 [info] [main] Log level: Info
2025-02-10 06:15:37.099 [info] [main] Validating found git in: "git"
2025-02-10 06:15:37.099 [info] [main] Using git "2.43.0" from "git"
2025-02-10 06:15:37.099 [info] [Model][doInitialScan] Initial repository scan started
2025-02-10 06:15:37.099 [info] > git rev-parse --show-toplevel [6ms]
2025-02-10 06:15:37.099 [info] fatal: not a git repository (or any parent up to mount point /)
Stopping at filesystem boundary (GIT_DISCOVERY_ACROSS_FILESYSTEM not set).
2025-02-10 06:15:37.099 [info] > git rev-parse --show-toplevel [2ms]
2025-02-10 06:15:37.099 [info] fatal: not a git repository (or any parent up to mount point /)
Stopping at filesystem boundary (GIT_DISCOVERY_ACROSS_FILESYSTEM not set).
2025-02-10 06:15:37.099 [info] > git rev-parse --show-toplevel [3ms]
2025-02-10 06:15:37.099 [info] fatal: not a git repository (or any parent up to mount point /)
Stopping at filesystem boundary (GIT_DISCOVERY_ACROSS_FILESYSTEM not set).
2025-02-10 06:15:37.099 [info] > git rev-parse --show-toplevel [4ms]
2025-02-10 06:15:37.100 [info] fatal: not a git repository (or any parent up to mount point /)
Stopping at filesystem boundary (GIT_DISCOVERY_ACROSS_FILESYSTEM not set).
2025-02-10 06:15:37.101 [info] > git rev-parse --show-toplevel [2ms]
2025-02-10 06:15:37.101 [info] fatal: not a git repository (or any parent up to mount point /)
Stopping at filesystem boundary (GIT_DISCOVERY_ACROSS_FILESYSTEM not set).
2025-02-10 06:15:37.107 [info] > git rev-parse --show-toplevel [2ms]
2025-02-10 06:15:37.107 [info] fatal: not a git repository (or any parent up to mount point /)
Stopping at filesystem boundary (GIT_DISCOVERY_ACROSS_FILESYSTEM not set).
2025-02-10 06:15:37.112 [info] > git rev-parse --show-toplevel [2ms]
2025-02-10 06:15:37.112 [info] fatal: not a git repository (or any parent up to mount point /)
Stopping at filesystem boundary (GIT_DISCOVERY_ACROSS_FILESYSTEM not set).
2025-02-10 06:15:37.117 [info] > git rev-parse --show-toplevel [2ms]
2025-02-10 06:15:37.117 [info] fatal: not a git repository (or any parent up to mount point /)
Stopping at filesystem boundary (GIT_DISCOVERY_ACROSS_FILESYSTEM not set).
2025-02-10 06:15:37.122 [info] > git rev-parse --show-toplevel [2ms]
2025-02-10 06:15:37.123 [info] fatal: not a git repository (or any parent up to mount point /)
Stopping at filesystem boundary (GIT_DISCOVERY_ACROSS_FILESYSTEM not set).
2025-02-10 06:15:37.128 [info] > git rev-parse --show-toplevel [2ms]
2025-02-10 06:15:37.128 [info] fatal: not a git repository (or any parent up to mount point /)
Stopping at filesystem boundary (GIT_DISCOVERY_ACROSS_FILESYSTEM not set).
2025-02-10 06:15:37.133 [info] > git rev-parse --show-toplevel [2ms]
2025-02-10 06:15:37.133 [info] fatal: not a git repository (or any parent up to mount point /)
Stopping at filesystem boundary (GIT_DISCOVERY_ACROSS_FILESYSTEM not set).
2025-02-10 06:15:37.138 [info] > git rev-parse --show-toplevel [2ms]
2025-02-10 06:15:37.139 [info] fatal: not a git repository (or any parent up to mount point /)
Stopping at filesystem boundary (GIT_DISCOVERY_ACROSS_FILESYSTEM not set).
2025-02-10 06:15:37.139 [info] [Model][doInitialScan] Initial repository scan completed - repositories (0), closed repositories (0), parent repositories (0), unsafe repositories (0)
2025-02-10 06:15:38.786 [info] > git rev-parse --show-toplevel [9ms]
2025-02-10 06:15:38.786 [info] fatal: not a git repository (or any parent up to mount point /)
Stopping at filesystem boundary (GIT_DISCOVERY_ACROSS_FILESYSTEM not set).
2025-02-10 06:15:39.081 [info] > git rev-parse --show-toplevel [2ms]
2025-02-10 06:15:39.081 [info] fatal: not a git repository (or any parent up to mount point /)
Stopping at filesystem boundary (GIT_DISCOVERY_ACROSS_FILESYSTEM not set).
2025-02-10 06:15:48.772 [info] > git rev-parse --show-toplevel [3ms]
2025-02-10 06:15:48.772 [info] fatal: not a git repository (or any parent up to mount point /)
Stopping at filesystem boundary (GIT_DISCOVERY_ACROSS_FILESYSTEM not set).
2025-02-10 06:15:48.809 [info] > git rev-parse --show-toplevel [31ms]
2025-02-10 06:15:48.809 [info] fatal: not a git repository (or any parent up to mount point /)
Stopping at filesystem boundary (GIT_DISCOVERY_ACROSS_FILESYSTEM not set).
2025-02-10 06:17:41.747 [info] > git rev-parse --show-toplevel [5ms]
2025-02-10 06:17:41.747 [info] fatal: not a git repository (or any parent up to mount point /)
Stopping at filesystem boundary (GIT_DISCOVERY_ACROSS_FILESYSTEM not set).
2025-02-10 06:18:53.831 [info] > git rev-parse --show-toplevel [3ms]
2025-02-10 06:18:53.831 [info] fatal: not a git repository (or any parent up to mount point /)
Stopping at filesystem boundary (GIT_DISCOVERY_ACROSS_FILESYSTEM not set).
