2025-02-11 16:04:02.335 [info] [main] Log level: Info
2025-02-11 16:04:02.335 [info] [main] Validating found git in: "git"
2025-02-11 16:04:02.335 [info] [main] Using git "2.43.0" from "git"
2025-02-11 16:04:02.335 [info] [Model][doInitialScan] Initial repository scan started
2025-02-11 16:04:02.335 [info] > git rev-parse --show-toplevel [63ms]
2025-02-11 16:04:02.335 [info] fatal: not a git repository (or any parent up to mount point /)
Stopping at filesystem boundary (GIT_DISCOVERY_ACROSS_FILESYSTEM not set).
2025-02-11 16:04:02.372 [info] > git rev-parse --show-toplevel [2ms]
2025-02-11 16:04:02.372 [info] fatal: not a git repository (or any parent up to mount point /)
Stopping at filesystem boundary (GIT_DISCOVERY_ACROSS_FILESYSTEM not set).
2025-02-11 16:04:02.380 [info] > git rev-parse --show-toplevel [3ms]
2025-02-11 16:04:02.380 [info] fatal: not a git repository (or any parent up to mount point /)
Stopping at filesystem boundary (GIT_DISCOVERY_ACROSS_FILESYSTEM not set).
2025-02-11 16:04:02.386 [info] > git rev-parse --show-toplevel [2ms]
2025-02-11 16:04:02.386 [info] fatal: not a git repository (or any parent up to mount point /)
Stopping at filesystem boundary (GIT_DISCOVERY_ACROSS_FILESYSTEM not set).
2025-02-11 16:04:02.393 [info] > git rev-parse --show-toplevel [3ms]
2025-02-11 16:04:02.393 [info] fatal: not a git repository (or any parent up to mount point /)
Stopping at filesystem boundary (GIT_DISCOVERY_ACROSS_FILESYSTEM not set).
2025-02-11 16:04:02.399 [info] > git rev-parse --show-toplevel [2ms]
2025-02-11 16:04:02.399 [info] fatal: not a git repository (or any parent up to mount point /)
Stopping at filesystem boundary (GIT_DISCOVERY_ACROSS_FILESYSTEM not set).
2025-02-11 16:04:02.405 [info] > git rev-parse --show-toplevel [3ms]
2025-02-11 16:04:02.405 [info] fatal: not a git repository (or any parent up to mount point /)
Stopping at filesystem boundary (GIT_DISCOVERY_ACROSS_FILESYSTEM not set).
2025-02-11 16:04:02.411 [info] > git rev-parse --show-toplevel [1ms]
2025-02-11 16:04:02.411 [info] fatal: not a git repository (or any parent up to mount point /)
Stopping at filesystem boundary (GIT_DISCOVERY_ACROSS_FILESYSTEM not set).
2025-02-11 16:04:05.100 [info] > git rev-parse --show-toplevel [102ms]
2025-02-11 16:04:05.100 [info] fatal: not a git repository (or any parent up to mount point /)
Stopping at filesystem boundary (GIT_DISCOVERY_ACROSS_FILESYSTEM not set).
2025-02-11 16:04:05.185 [info] > git rev-parse --show-toplevel [58ms]
2025-02-11 16:04:05.545 [info] > git rev-parse --git-dir --git-common-dir [337ms]
2025-02-11 16:04:05.558 [info] [Model][openRepository] Opened repository: /home/rahul_chalwadi03/my-proj
2025-02-11 16:04:05.560 [info] [Model][doInitialScan] Initial repository scan completed - repositories (1), closed repositories (0), parent repositories (0), unsafe repositories (0)
2025-02-11 16:04:05.599 [info] > git rev-parse --show-toplevel [25ms]
2025-02-11 16:04:05.600 [info] > git config --get commit.template [31ms]
2025-02-11 16:04:05.615 [info] [Git][getRemotes] No remotes found in the git config file
2025-02-11 16:04:05.616 [info] > git rev-parse --git-dir --git-common-dir [10ms]
2025-02-11 16:04:05.620 [info] [Model][openRepository] Opened repository: /home/rahul_chalwadi03/my-proj/Devops_assignment
2025-02-11 16:04:05.637 [info] > git for-each-ref --format=%(refname)%00%(upstream:short)%00%(objectname)%00%(upstream:track)%00%(upstream:remotename)%00%(upstream:remoteref) refs/heads/master refs/remotes/master [23ms]
2025-02-11 16:04:05.637 [warning] [Git][getBranch] No such branch: master
2025-02-11 16:04:05.659 [info] > git status -z -uall [13ms]
2025-02-11 16:04:05.660 [info] > git for-each-ref --sort -committerdate --format %(refname) %(objectname) %(*objectname) [4ms]
2025-02-11 16:04:05.674 [info] > git rev-parse --show-toplevel [40ms]
2025-02-11 16:04:05.674 [info] fatal: not a git repository (or any parent up to mount point /)
Stopping at filesystem boundary (GIT_DISCOVERY_ACROSS_FILESYSTEM not set).
2025-02-11 16:04:05.674 [info] > git config --get commit.template [46ms]
2025-02-11 16:04:05.682 [info] > git for-each-ref --format=%(refname)%00%(upstream:short)%00%(objectname)%00%(upstream:track)%00%(upstream:remotename)%00%(upstream:remoteref) refs/heads/master refs/remotes/master [13ms]
2025-02-11 16:04:05.682 [warning] [Git][getBranch] No such branch: master
2025-02-11 16:04:05.683 [error] [GitHistoryProvider][resolveHEADMergeBase] Failed to resolve merge base for master: Error: No such branch: master.
2025-02-11 16:04:05.698 [info] > git config --get commit.template [17ms]
2025-02-11 16:04:05.707 [info] [Git][getRemotes] No remotes found in the git config file
2025-02-11 16:04:05.712 [info] > git for-each-ref --format=%(refname)%00%(upstream:short)%00%(objectname)%00%(upstream:track)%00%(upstream:remotename)%00%(upstream:remoteref) refs/heads/master refs/remotes/master [6ms]
2025-02-11 16:04:05.713 [warning] [Git][getBranch] No such branch: master
2025-02-11 16:04:05.746 [info] > git status -z -uall [27ms]
2025-02-11 16:04:05.760 [info] > git for-each-ref --format=%(refname)%00%(upstream:short)%00%(objectname)%00%(upstream:track)%00%(upstream:remotename)%00%(upstream:remoteref) refs/heads/main refs/remotes/main [68ms]
2025-02-11 16:04:05.761 [info] > git for-each-ref --sort -committerdate --format %(refname) %(objectname) %(*objectname) [34ms]
2025-02-11 16:04:05.770 [warning] [Git][revParse] Unable to read file: ENOENT: no such file or directory, open '/home/rahul_chalwadi03/my-proj/Devops_assignment/.git/refs/remotes/origin/main'
2025-02-11 16:04:05.772 [info] > git rev-parse refs/remotes/origin/main [2ms]
2025-02-11 16:04:05.802 [info] > git status -z -uall [24ms]
2025-02-11 16:04:05.816 [info] > git for-each-ref --sort -committerdate --format %(refname) %(objectname) %(*objectname) [30ms]
2025-02-11 16:04:05.849 [info] > git for-each-ref --format=%(refname)%00%(upstream:short)%00%(objectname)%00%(upstream:track)%00%(upstream:remotename)%00%(upstream:remoteref) refs/heads/main refs/remotes/main [20ms]
2025-02-11 16:04:05.877 [info] > git config --get commit.template [34ms]
2025-02-11 16:04:05.879 [info] > git config --local branch.main.vscode-merge-base [23ms]
2025-02-11 16:04:05.879 [warning] [Git][config] git config failed: Failed to execute git
2025-02-11 16:04:05.898 [info] > git reflog main --grep-reflog=branch: Created from *. [12ms]
2025-02-11 16:04:05.907 [info] > git for-each-ref --format=%(refname)%00%(upstream:short)%00%(objectname)%00%(upstream:track)%00%(upstream:remotename)%00%(upstream:remoteref) refs/heads/main refs/remotes/main [12ms]
2025-02-11 16:04:05.914 [warning] [Git][revParse] Unable to read file: ENOENT: no such file or directory, open '/home/rahul_chalwadi03/my-proj/Devops_assignment/.git/refs/remotes/origin/main'
2025-02-11 16:04:05.917 [info] > git rev-parse refs/remotes/origin/main [2ms]
2025-02-11 16:04:05.932 [info] > git symbolic-ref --short refs/remotes/origin/HEAD [26ms]
2025-02-11 16:04:06.017 [info] > git status -z -uall [93ms]
2025-02-11 16:04:06.017 [info] > git for-each-ref --sort -committerdate --format %(refname) %(objectname) %(*objectname) [85ms]
2025-02-11 16:04:06.034 [info] > git for-each-ref --format=%(refname)%00%(upstream:short)%00%(objectname)%00%(upstream:track)%00%(upstream:remotename)%00%(upstream:remoteref) refs/heads/main refs/remotes/main [7ms]
2025-02-11 16:04:06.041 [info] > git for-each-ref --format=%(refname)%00%(upstream:short)%00%(objectname)%00%(upstream:track)%00%(upstream:remotename)%00%(upstream:remoteref) refs/heads/origin/main refs/remotes/origin/main [100ms]
2025-02-11 16:04:06.076 [info] > git config --local branch.main.vscode-merge-base [36ms]
2025-02-11 16:04:06.076 [warning] [Git][config] git config failed: Failed to execute git
2025-02-11 16:04:06.100 [info] > git reflog main --grep-reflog=branch: Created from *. [16ms]
2025-02-11 16:04:06.111 [info] > git config --local branch.main.vscode-merge-base origin/main [64ms]
2025-02-11 16:04:06.130 [info] > git symbolic-ref --short refs/remotes/origin/HEAD [19ms]
2025-02-11 16:04:06.141 [info] > git config --get commit.template [16ms]
2025-02-11 16:04:06.150 [info] > git for-each-ref --format=%(refname)%00%(upstream:short)%00%(objectname)%00%(upstream:track)%00%(upstream:remotename)%00%(upstream:remoteref) refs/heads/origin/main refs/remotes/origin/main [12ms]
2025-02-11 16:04:06.160 [info] > git for-each-ref --format=%(refname)%00%(upstream:short)%00%(objectname)%00%(upstream:track)%00%(upstream:remotename)%00%(upstream:remoteref) refs/heads/main refs/remotes/main [11ms]
2025-02-11 16:04:06.167 [warning] [Git][revParse] Unable to read file: ENOENT: no such file or directory, open '/home/rahul_chalwadi03/my-proj/Devops_assignment/.git/refs/remotes/origin/main'
2025-02-11 16:04:06.168 [info] > git config --local branch.main.vscode-merge-base origin/main [10ms]
2025-02-11 16:04:06.179 [info] > git config --get commit.template [3ms]
2025-02-11 16:04:06.180 [info] > git rev-parse refs/remotes/origin/main [12ms]
2025-02-11 16:04:06.284 [info] > git check-ignore -v -z --stdin [55ms]
2025-02-11 16:04:06.285 [info] > git merge-base refs/heads/main refs/remotes/origin/main [88ms]
2025-02-11 16:04:06.294 [info] > git for-each-ref --format=%(refname)%00%(upstream:short)%00%(objectname)%00%(upstream:track)%00%(upstream:remotename)%00%(upstream:remoteref) refs/heads/main refs/remotes/main [105ms]
2025-02-11 16:04:06.313 [info] > git diff --name-status -z --diff-filter=ADMR 5f16bf95ce55322405d14b2db89f903c5255747b...refs/remotes/origin/main [20ms]
2025-02-11 16:04:06.317 [info] > git config --local branch.main.vscode-merge-base [14ms]
2025-02-11 16:04:06.327 [info] > git for-each-ref --format=%(refname)%00%(upstream:short)%00%(objectname)%00%(upstream:track)%00%(upstream:remotename)%00%(upstream:remoteref) refs/heads/main refs/remotes/main [15ms]
2025-02-11 16:04:06.338 [warning] [Git][revParse] Unable to read file: ENOENT: no such file or directory, open '/home/rahul_chalwadi03/my-proj/Devops_assignment/.git/refs/remotes/origin/main'
2025-02-11 16:04:06.340 [info] > git for-each-ref --format=%(refname)%00%(upstream:short)%00%(objectname)%00%(upstream:track)%00%(upstream:remotename)%00%(upstream:remoteref) refs/heads/origin/main refs/remotes/origin/main [15ms]
2025-02-11 16:04:06.342 [info] > git rev-parse refs/remotes/origin/main [4ms]
2025-02-11 16:04:06.361 [info] > git status -z -uall [12ms]
2025-02-11 16:04:06.363 [info] > git for-each-ref --sort -committerdate --format %(refname) %(objectname) %(*objectname) [4ms]
2025-02-11 16:04:07.409 [info] > git config --get commit.template [9ms]
2025-02-11 16:04:07.411 [info] > git for-each-ref --format=%(refname)%00%(upstream:short)%00%(objectname)%00%(upstream:track)%00%(upstream:remotename)%00%(upstream:remoteref) refs/heads/main refs/remotes/main [3ms]
2025-02-11 16:04:07.417 [warning] [Git][revParse] Unable to read file: ENOENT: no such file or directory, open '/home/rahul_chalwadi03/my-proj/Devops_assignment/.git/refs/remotes/origin/main'
2025-02-11 16:04:07.420 [info] > git rev-parse refs/remotes/origin/main [3ms]
2025-02-11 16:04:07.442 [info] > git status -z -uall [13ms]
2025-02-11 16:04:07.443 [info] > git for-each-ref --sort -committerdate --format %(refname) %(objectname) %(*objectname) [5ms]
2025-02-11 16:04:43.014 [info] > git check-ignore -v -z --stdin [2ms]
2025-02-11 16:04:50.724 [info] > git check-ignore -v -z --stdin [67ms]
2025-02-11 16:04:50.729 [info] > git show --textconv :app.py [62ms]
2025-02-11 16:04:50.729 [info] > git ls-files --stage -- /home/rahul_chalwadi03/my-proj/app.py [55ms]
2025-02-11 16:04:51.138 [info] [Git][getRemotes] No remotes found in the git config file
2025-02-11 16:04:51.139 [info] > git config --get commit.template [9ms]
2025-02-11 16:04:51.151 [info] > git for-each-ref --format=%(refname)%00%(upstream:short)%00%(objectname)%00%(upstream:track)%00%(upstream:remotename)%00%(upstream:remoteref) refs/heads/master refs/remotes/master [14ms]
2025-02-11 16:04:51.151 [warning] [Git][getBranch] No such branch: master
2025-02-11 16:04:51.179 [info] > git status -z -uall [21ms]
2025-02-11 16:04:51.181 [info] > git for-each-ref --sort -committerdate --format %(refname) %(objectname) %(*objectname) [16ms]
2025-02-11 16:05:17.412 [warning] [Git][getHEAD] Failed to parse HEAD file: ENOENT: no such file or directory, open '/home/rahul_chalwadi03/my-proj/Devops_assignment/.git/HEAD'
2025-02-11 16:05:17.425 [warning] [Git][getRemotes] Error: ENOENT: no such file or directory, open '/home/rahul_chalwadi03/my-proj/Devops_assignment/.git/config'
2025-02-11 16:05:17.441 [warning] [Git][getHEAD] Failed to parse HEAD file: ENOENT: no such file or directory, open '/home/rahul_chalwadi03/my-proj/Devops_assignment/.git/HEAD'
2025-02-11 16:05:17.454 [warning] [Git][getRemotes] Error: ENOENT: no such file or directory, open '/home/rahul_chalwadi03/my-proj/Devops_assignment/.git/config'
2025-02-11 16:05:17.463 [info] > git config --get commit.template [70ms]
2025-02-11 16:05:17.470 [info] [Git][getRemotes] No remotes found in the git config file
2025-02-11 16:05:17.472 [info] > git for-each-ref --format=%(refname)%00%(upstream:short)%00%(objectname)%00%(upstream:track)%00%(upstream:remotename)%00%(upstream:remoteref) refs/heads/master refs/remotes/master [2ms]
2025-02-11 16:05:17.472 [warning] [Git][getBranch] No such branch: master
2025-02-11 16:05:17.488 [info] > git status -z -uall [9ms]
2025-02-11 16:05:17.490 [info] > git for-each-ref --sort -committerdate --format %(refname) %(objectname) %(*objectname) [4ms]
2025-02-11 16:05:18.132 [info] > git check-ignore -v -z --stdin [2ms]
2025-02-11 16:05:18.776 [info] > git rev-parse --show-toplevel [3ms]
2025-02-11 16:05:18.776 [info] fatal: not a git repository (or any parent up to mount point /)
Stopping at filesystem boundary (GIT_DISCOVERY_ACROSS_FILESYSTEM not set).
2025-02-11 16:05:25.238 [info] > git show --textconv :app.py [12ms]
2025-02-11 16:05:25.240 [info] > git ls-files --stage -- /home/rahul_chalwadi03/my-proj/app.py [4ms]
2025-02-11 16:06:19.137 [info] > git rev-parse --show-toplevel [1ms]
2025-02-11 16:06:19.146 [info] > git rev-parse --git-dir --git-common-dir [2ms]
2025-02-11 16:06:19.155 [info] [Model][openRepository] Opened repository: /home/rahul_chalwadi03/Devops_assignment
2025-02-11 16:06:19.174 [info] > git config --get commit.template [8ms]
2025-02-11 16:06:19.174 [info] > git for-each-ref --format=%(refname)%00%(upstream:short)%00%(objectname)%00%(upstream:track)%00%(upstream:remotename)%00%(upstream:remoteref) refs/heads/master refs/remotes/master [1ms]
2025-02-11 16:06:19.174 [warning] [Git][getBranch] No such branch: master
2025-02-11 16:06:19.192 [info] > git status -z -uall [10ms]
2025-02-11 16:06:19.193 [info] > git for-each-ref --sort -committerdate --format %(refname) %(objectname) %(*objectname) [2ms]
2025-02-11 16:06:19.214 [info] > git for-each-ref --format=%(refname)%00%(upstream:short)%00%(objectname)%00%(upstream:track)%00%(upstream:remotename)%00%(upstream:remoteref) refs/heads/master refs/remotes/master [11ms]
2025-02-11 16:06:19.214 [warning] [Git][getBranch] No such branch: master
2025-02-11 16:06:19.215 [error] [GitHistoryProvider][resolveHEADMergeBase] Failed to resolve merge base for master: Error: No such branch: master.
2025-02-11 16:06:19.218 [info] > git config --get commit.template [5ms]
2025-02-11 16:06:19.228 [info] > git for-each-ref --format=%(refname)%00%(upstream:short)%00%(objectname)%00%(upstream:track)%00%(upstream:remotename)%00%(upstream:remoteref) refs/heads/master refs/remotes/master [2ms]
2025-02-11 16:06:19.228 [warning] [Git][getBranch] No such branch: master
2025-02-11 16:06:19.244 [info] > git status -z -uall [9ms]
2025-02-11 16:06:19.245 [info] > git for-each-ref --sort -committerdate --format %(refname) %(objectname) %(*objectname) [1ms]
2025-02-11 16:06:19.992 [info] > git check-ignore -v -z --stdin [35ms]
2025-02-11 16:06:20.461 [warning] [Git][getHEAD] Failed to parse HEAD file: ENOENT: no such file or directory, open '/home/rahul_chalwadi03/Devops_assignment/.git/HEAD'
2025-02-11 16:06:20.474 [warning] [Git][getRemotes] Error: ENOENT: no such file or directory, open '/home/rahul_chalwadi03/Devops_assignment/.git/config'
2025-02-11 16:06:20.489 [warning] [Git][getHEAD] Failed to parse HEAD file: ENOENT: no such file or directory, open '/home/rahul_chalwadi03/Devops_assignment/.git/HEAD'
2025-02-11 16:06:20.502 [warning] [Git][getRemotes] Error: ENOENT: no such file or directory, open '/home/rahul_chalwadi03/Devops_assignment/.git/config'
2025-02-11 16:06:21.180 [info] > git check-ignore -v -z --stdin [1ms]
2025-02-11 16:08:21.879 [warning] [Model][getRepositoryExact] Failed to get repository realpath for: "/home/rahul_chalwadi03/Devops_assignment/". Error:Error: ENOENT: no such file or directory, realpath '/home/rahul_chalwadi03/Devops_assignment/'
