2025-02-10 07:29:28.862 [info] [main] Log level: Info
2025-02-10 07:29:28.862 [info] [main] Validating found git in: "git"
2025-02-10 07:29:28.862 [info] [main] Using git "2.43.0" from "git"
2025-02-10 07:29:28.862 [info] [Model][doInitialScan] Initial repository scan started
2025-02-10 07:29:28.862 [info] > git rev-parse --show-toplevel [5ms]
2025-02-10 07:29:28.862 [info] fatal: not a git repository (or any parent up to mount point /)
Stopping at filesystem boundary (GIT_DISCOVERY_ACROSS_FILESYSTEM not set).
2025-02-10 07:29:28.862 [info] > git rev-parse --show-toplevel [2ms]
2025-02-10 07:29:28.862 [info] fatal: not a git repository (or any parent up to mount point /)
Stopping at filesystem boundary (GIT_DISCOVERY_ACROSS_FILESYSTEM not set).
2025-02-10 07:29:28.862 [info] > git rev-parse --show-toplevel [2ms]
2025-02-10 07:29:28.862 [info] fatal: not a git repository (or any parent up to mount point /)
Stopping at filesystem boundary (GIT_DISCOVERY_ACROSS_FILESYSTEM not set).
2025-02-10 07:29:28.862 [info] > git rev-parse --show-toplevel [1ms]
2025-02-10 07:29:28.862 [info] fatal: not a git repository (or any parent up to mount point /)
Stopping at filesystem boundary (GIT_DISCOVERY_ACROSS_FILESYSTEM not set).
2025-02-10 07:29:28.862 [info] > git rev-parse --show-toplevel [2ms]
2025-02-10 07:29:28.862 [info] fatal: not a git repository (or any parent up to mount point /)
Stopping at filesystem boundary (GIT_DISCOVERY_ACROSS_FILESYSTEM not set).
2025-02-10 07:29:28.862 [info] > git rev-parse --show-toplevel [2ms]
2025-02-10 07:29:28.862 [info] fatal: not a git repository (or any parent up to mount point /)
Stopping at filesystem boundary (GIT_DISCOVERY_ACROSS_FILESYSTEM not set).
2025-02-10 07:29:28.862 [info] > git rev-parse --show-toplevel [4ms]
2025-02-10 07:29:28.862 [info] fatal: not a git repository (or any parent up to mount point /)
Stopping at filesystem boundary (GIT_DISCOVERY_ACROSS_FILESYSTEM not set).
2025-02-10 07:29:28.863 [info] > git rev-parse --show-toplevel [2ms]
2025-02-10 07:29:28.863 [info] fatal: not a git repository (or any parent up to mount point /)
Stopping at filesystem boundary (GIT_DISCOVERY_ACROSS_FILESYSTEM not set).
2025-02-10 07:29:28.868 [info] > git rev-parse --show-toplevel [2ms]
2025-02-10 07:29:28.868 [info] fatal: not a git repository (or any parent up to mount point /)
Stopping at filesystem boundary (GIT_DISCOVERY_ACROSS_FILESYSTEM not set).
2025-02-10 07:29:28.872 [info] > git rev-parse --show-toplevel [1ms]
2025-02-10 07:29:28.872 [info] fatal: not a git repository (or any parent up to mount point /)
Stopping at filesystem boundary (GIT_DISCOVERY_ACROSS_FILESYSTEM not set).
2025-02-10 07:29:28.877 [info] > git rev-parse --show-toplevel [1ms]
2025-02-10 07:29:28.877 [info] fatal: not a git repository (or any parent up to mount point /)
Stopping at filesystem boundary (GIT_DISCOVERY_ACROSS_FILESYSTEM not set).
2025-02-10 07:29:28.881 [info] > git rev-parse --show-toplevel [1ms]
2025-02-10 07:29:28.881 [info] fatal: not a git repository (or any parent up to mount point /)
Stopping at filesystem boundary (GIT_DISCOVERY_ACROSS_FILESYSTEM not set).
2025-02-10 07:29:28.886 [info] > git rev-parse --show-toplevel [1ms]
2025-02-10 07:29:28.886 [info] fatal: not a git repository (or any parent up to mount point /)
Stopping at filesystem boundary (GIT_DISCOVERY_ACROSS_FILESYSTEM not set).
2025-02-10 07:29:28.886 [info] [Model][doInitialScan] Initial repository scan completed - repositories (0), closed repositories (0), parent repositories (0), unsafe repositories (0)
2025-02-10 08:21:20.025 [info] > git rev-parse --show-toplevel [2ms]
2025-02-10 08:21:20.025 [info] fatal: not a git repository (or any parent up to mount point /)
Stopping at filesystem boundary (GIT_DISCOVERY_ACROSS_FILESYSTEM not set).
2025-02-10 08:21:20.544 [info] > git rev-parse --show-toplevel [4ms]
2025-02-10 08:21:20.544 [info] fatal: not a git repository (or any parent up to mount point /)
Stopping at filesystem boundary (GIT_DISCOVERY_ACROSS_FILESYSTEM not set).
2025-02-10 08:21:22.285 [info] > git rev-parse --show-toplevel [4ms]
2025-02-10 08:21:22.285 [info] fatal: not a git repository (or any parent up to mount point /)
Stopping at filesystem boundary (GIT_DISCOVERY_ACROSS_FILESYSTEM not set).
2025-02-10 08:21:22.292 [info] > git rev-parse --show-toplevel [1ms]
2025-02-10 08:21:22.292 [info] fatal: not a git repository (or any parent up to mount point /)
Stopping at filesystem boundary (GIT_DISCOVERY_ACROSS_FILESYSTEM not set).
2025-02-10 08:21:22.298 [info] > git rev-parse --show-toplevel [1ms]
2025-02-10 08:21:22.299 [info] fatal: not a git repository (or any parent up to mount point /)
Stopping at filesystem boundary (GIT_DISCOVERY_ACROSS_FILESYSTEM not set).
2025-02-10 08:21:22.305 [info] > git rev-parse --show-toplevel [2ms]
2025-02-10 08:21:22.305 [info] fatal: not a git repository (or any parent up to mount point /)
Stopping at filesystem boundary (GIT_DISCOVERY_ACROSS_FILESYSTEM not set).
2025-02-10 08:21:23.111 [info] > git rev-parse --show-toplevel [4ms]
2025-02-10 08:21:23.111 [info] fatal: not a git repository (or any parent up to mount point /)
Stopping at filesystem boundary (GIT_DISCOVERY_ACROSS_FILESYSTEM not set).
