2025-02-14 09:00:44.802 [info] Extension host with pid 1284 started
2025-02-14 09:00:44.841 [info] Lock '/home/rahul_chalwadi03/.codeoss/data/User/workspaceStorage/-23fbf1f5/vscode.lock': Lock acquired.
2025-02-14 09:00:44.943 [info] ExtensionService#_doActivateExtension vscode.emmet, startup: false, activationEvent: 'onLanguage'
2025-02-14 09:00:44.946 [info] ExtensionService#_doActivateExtension vscode.configuration-editing, startup: false, activationEvent: 'onLanguage:json'
2025-02-14 09:00:44.947 [info] ExtensionService#_doActivateExtension vscode.extension-editing, startup: false, activationEvent: 'onLanguage:json'
2025-02-14 09:00:44.948 [info] ExtensionService#_doActivateExtension vscode.json-language-features, startup: false, activationEvent: 'onLanguage:json'
2025-02-14 09:00:44.948 [info] ExtensionService#_doActivateExtension vscode.npm, startup: false, activationEvent: 'onLanguage:json'
2025-02-14 09:00:45.704 [info] ExtensionService#_doActivateExtension google.cloud-shell, startup: false, activationEvent: 'onTerminalProfile:cloudshell.default'
2025-02-14 09:00:45.950 [info] ExtensionService#_doActivateExtension vscode.git-base, startup: true, activationEvent: '*', root cause: vscode.git
2025-02-14 09:00:45.965 [info] ExtensionService#_doActivateExtension vscode.typescript-language-features, startup: false, activationEvent: 'onLanguage:jsonc'
2025-02-14 09:00:46.053 [info] ExtensionService#_doActivateExtension vscode.git, startup: true, activationEvent: '*'
2025-02-14 09:00:46.054 [info] ExtensionService#_doActivateExtension vscode.github, startup: true, activationEvent: '*'
2025-02-14 09:00:46.464 [info] ExtensionService#_doActivateExtension redhat.fabric8-analytics, startup: true, activationEvent: 'workspaceContains:**/package.json,**/pom.xml,**/go.mod,**/requirements.txt,**/build.gradle,**/Dockerfile,**/Containerfile'
2025-02-14 09:00:46.986 [info] Eager extensions activated
2025-02-14 09:00:46.986 [info] ExtensionService#_doActivateExtension EditorConfig.EditorConfig, startup: false, activationEvent: 'onStartupFinished'
2025-02-14 09:00:46.987 [info] ExtensionService#_doActivateExtension google.geminicodeassist, startup: false, activationEvent: 'onStartupFinished', root cause: googlecloudtools.cloudcode
2025-02-14 09:00:46.987 [info] ExtensionService#_doActivateExtension vscode.debug-auto-launch, startup: false, activationEvent: 'onStartupFinished'
2025-02-14 09:00:46.988 [info] ExtensionService#_doActivateExtension vscode.merge-conflict, startup: false, activationEvent: 'onStartupFinished'
2025-02-14 09:00:48.537 [info] ExtensionService#_doActivateExtension googlecloudtools.cloudcode, startup: false, activationEvent: 'onStartupFinished'
2025-02-14 09:00:51.339 [info] ExtensionService#_doActivateExtension vscode.github-authentication, startup: false, activationEvent: 'onAuthenticationRequest:github'
2025-02-14 09:02:30.594 [warning] [Decorations] CAPPING events from decorations provider vscode.git 993
2025-02-14 09:02:30.698 [warning] [Decorations] CAPPING events from decorations provider vscode.git 993
2025-02-14 09:02:33.204 [warning] [Decorations] CAPPING events from decorations provider vscode.git 993
2025-02-14 09:02:38.271 [warning] [Decorations] CAPPING events from decorations provider vscode.git 993
2025-02-14 09:02:43.337 [warning] [Decorations] CAPPING events from decorations provider vscode.git 993
2025-02-14 09:03:01.721 [warning] [Decorations] CAPPING events from decorations provider vscode.git 993
2025-02-14 09:03:06.795 [warning] [Decorations] CAPPING events from decorations provider vscode.git 993
2025-02-14 09:03:11.865 [warning] [Decorations] CAPPING events from decorations provider vscode.git 993
2025-02-14 09:03:17.939 [warning] [Decorations] CAPPING events from decorations provider vscode.git 993
2025-02-14 09:03:23.010 [warning] [Decorations] CAPPING events from decorations provider vscode.git 993
2025-02-14 09:03:28.075 [warning] [Decorations] CAPPING events from decorations provider vscode.git 993
2025-02-14 09:03:33.149 [warning] [Decorations] CAPPING events from decorations provider vscode.git 993
2025-02-14 09:03:38.231 [warning] [Decorations] CAPPING events from decorations provider vscode.git 993
2025-02-14 09:03:43.300 [warning] [Decorations] CAPPING events from decorations provider vscode.git 993
2025-02-14 09:03:50.752 [warning] [Decorations] CAPPING events from decorations provider vscode.git 993
2025-02-14 09:03:55.820 [warning] [Decorations] CAPPING events from decorations provider vscode.git 993
2025-02-14 09:04:02.953 [warning] [Decorations] CAPPING events from decorations provider vscode.git 995
2025-02-14 09:04:08.049 [warning] [Decorations] CAPPING events from decorations provider vscode.git 995
2025-02-14 09:04:13.130 [warning] [Decorations] CAPPING events from decorations provider vscode.git 995
