2025-02-11 05:31:58.598 [info] Reading sessions from keychain...
2025-02-11 05:31:58.598 [info] Getting sessions for all scopes...
2025-02-11 05:31:58.598 [info] Got 0 sessions for ...
2025-02-11 05:31:58.672 [info] Getting sessions for read:user,repo,user:email,workflow...
2025-02-11 05:31:58.672 [info] Got 0 sessions for read:user,repo,user:email,workflow...
2025-02-11 05:32:01.574 [info] Logging in with 'any' account...
2025-02-11 05:32:01.574 [info] Logging in for the following scopes: read:user repo user:email workflow
2025-02-11 05:32:01.734 [info] Trying device code flow... (read:user repo user:email workflow)
2025-02-11 05:32:24.644 [error] User Cancelled
2025-02-11 05:37:00.461 [info] Getting sessions for read:user,repo,user:email,workflow...
2025-02-11 05:37:00.461 [info] Got 0 sessions for read:user,repo,user:email,workflow...
2025-02-11 05:37:04.080 [info] Logging in with 'any' account...
2025-02-11 05:37:04.080 [info] Logging in for the following scopes: read:user repo user:email workflow
2025-02-11 05:37:04.162 [info] Trying device code flow... (read:user repo user:email workflow)
2025-02-11 05:37:19.672 [error] User Cancelled
2025-02-11 05:37:49.067 [info] Getting sessions for read:user,repo,user:email,workflow...
2025-02-11 05:37:49.067 [info] Got 0 sessions for read:user,repo,user:email,workflow...
2025-02-11 05:38:05.944 [info] Logging in with 'any' account...
2025-02-11 05:38:05.944 [info] Logging in for the following scopes: read:user repo user:email workflow
2025-02-11 05:38:06.030 [info] Trying device code flow... (read:user repo user:email workflow)
2025-02-11 05:38:55.434 [info] Getting user info...
2025-02-11 05:38:55.802 [info] Got account info!
2025-02-11 05:38:55.803 [info] Storing 1 sessions...
2025-02-11 05:38:55.877 [info] Reading sessions from keychain...
2025-02-11 05:38:55.877 [info] Stored 1 sessions!
2025-02-11 05:38:55.877 [info] Login success!
2025-02-11 05:38:55.955 [info] Got stored sessions!
2025-02-11 05:38:55.955 [info] Got 1 verified sessions.
